<?xml version="1.0" encoding="UTF-8"?>
<testsuite xmlns:xsi="http://www.w3.org/2001/XMLSchema-instance" xsi:noNamespaceSchemaLocation="https://maven.apache.org/surefire/maven-surefire-plugin/xsd/surefire-test-report-3.0.xsd" version="3.0" name="com.example.flink.integration.FlinkDataProcessingIntegrationTest" time="9.066" tests="1" errors="0" skipped="0" failures="0">
  <properties>
    <property name="java.specification.version" value="21"/>
    <property name="sun.cpu.isalist" value="amd64"/>
    <property name="sun.jnu.encoding" value="Cp1252"/>
    <property name="java.class.path" value="d:\projects\New folder\flink-skaffold\target\test-classes;d:\projects\New folder\flink-skaffold\target\classes;C:\Users\chand\.m2\repository\org\springframework\boot\spring-boot-starter\3.2.0\spring-boot-starter-3.2.0.jar;C:\Users\chand\.m2\repository\org\springframework\boot\spring-boot\3.2.0\spring-boot-3.2.0.jar;C:\Users\chand\.m2\repository\org\springframework\spring-context\6.1.1\spring-context-6.1.1.jar;C:\Users\chand\.m2\repository\org\springframework\spring-aop\6.1.1\spring-aop-6.1.1.jar;C:\Users\chand\.m2\repository\org\springframework\spring-beans\6.1.1\spring-beans-6.1.1.jar;C:\Users\chand\.m2\repository\org\springframework\spring-expression\6.1.1\spring-expression-6.1.1.jar;C:\Users\chand\.m2\repository\io\micrometer\micrometer-observation\1.12.0\micrometer-observation-1.12.0.jar;C:\Users\chand\.m2\repository\io\micrometer\micrometer-commons\1.12.0\micrometer-commons-1.12.0.jar;C:\Users\chand\.m2\repository\org\springframework\boot\spring-boot-autoconfigure\3.2.0\spring-boot-autoconfigure-3.2.0.jar;C:\Users\chand\.m2\repository\org\springframework\boot\spring-boot-starter-logging\3.2.0\spring-boot-starter-logging-3.2.0.jar;C:\Users\chand\.m2\repository\ch\qos\logback\logback-classic\1.4.11\logback-classic-1.4.11.jar;C:\Users\chand\.m2\repository\ch\qos\logback\logback-core\1.4.11\logback-core-1.4.11.jar;C:\Users\chand\.m2\repository\org\apache\logging\log4j\log4j-to-slf4j\2.21.1\log4j-to-slf4j-2.21.1.jar;C:\Users\chand\.m2\repository\org\slf4j\jul-to-slf4j\2.0.9\jul-to-slf4j-2.0.9.jar;C:\Users\chand\.m2\repository\jakarta\annotation\jakarta.annotation-api\2.1.1\jakarta.annotation-api-2.1.1.jar;C:\Users\chand\.m2\repository\org\springframework\spring-core\6.1.1\spring-core-6.1.1.jar;C:\Users\chand\.m2\repository\org\springframework\spring-jcl\6.1.1\spring-jcl-6.1.1.jar;C:\Users\chand\.m2\repository\org\yaml\snakeyaml\2.2\snakeyaml-2.2.jar;C:\Users\chand\.m2\repository\org\springframework\boot\spring-boot-configuration-processor\3.2.0\spring-boot-configuration-processor-3.2.0.jar;C:\Users\chand\.m2\repository\org\apache\flink\flink-streaming-java\1.18.1\flink-streaming-java-1.18.1.jar;C:\Users\chand\.m2\repository\org\apache\flink\flink-core\1.18.1\flink-core-1.18.1.jar;C:\Users\chand\.m2\repository\org\apache\flink\flink-annotations\1.18.1\flink-annotations-1.18.1.jar;C:\Users\chand\.m2\repository\org\apache\flink\flink-metrics-core\1.18.1\flink-metrics-core-1.18.1.jar;C:\Users\chand\.m2\repository\org\apache\flink\flink-shaded-asm-9\9.5-17.0\flink-shaded-asm-9-9.5-17.0.jar;C:\Users\chand\.m2\repository\com\esotericsoftware\kryo\kryo\2.24.0\kryo-2.24.0.jar;C:\Users\chand\.m2\repository\com\esotericsoftware\minlog\minlog\1.2\minlog-1.2.jar;C:\Users\chand\.m2\repository\commons-collections\commons-collections\3.2.2\commons-collections-3.2.2.jar;C:\Users\chand\.m2\repository\org\apache\commons\commons-compress\1.21\commons-compress-1.21.jar;C:\Users\chand\.m2\repository\org\apache\flink\flink-file-sink-common\1.18.1\flink-file-sink-common-1.18.1.jar;C:\Users\chand\.m2\repository\org\apache\flink\flink-runtime\1.18.1\flink-runtime-1.18.1.jar;C:\Users\chand\.m2\repository\org\apache\flink\flink-java\1.18.1\flink-java-1.18.1.jar;C:\Users\chand\.m2\repository\com\twitter\chill-java\0.7.6\chill-java-0.7.6.jar;C:\Users\chand\.m2\repository\org\apache\flink\flink-shaded-guava\31.1-jre-17.0\flink-shaded-guava-31.1-jre-17.0.jar;C:\Users\chand\.m2\repository\org\apache\commons\commons-math3\3.6.1\commons-math3-3.6.1.jar;C:\Users\chand\.m2\repository\org\slf4j\slf4j-api\2.0.9\slf4j-api-2.0.9.jar;C:\Users\chand\.m2\repository\com\google\code\findbugs\jsr305\1.3.9\jsr305-1.3.9.jar;C:\Users\chand\.m2\repository\org\apache\flink\flink-clients\1.18.1\flink-clients-1.18.1.jar;C:\Users\chand\.m2\repository\org\apache\flink\flink-optimizer\1.18.1\flink-optimizer-1.18.1.jar;C:\Users\chand\.m2\repository\commons-cli\commons-cli\1.5.0\commons-cli-1.5.0.jar;C:\Users\chand\.m2\repository\org\apache\flink\flink-connector-files\1.18.1\flink-connector-files-1.18.1.jar;C:\Users\chand\.m2\repository\org\apache\flink\flink-csv\1.18.1\flink-csv-1.18.1.jar;C:\Users\chand\.m2\repository\org\apache\flink\flink-json\1.18.1\flink-json-1.18.1.jar;C:\Users\chand\.m2\repository\org\apache\logging\log4j\log4j-slf4j-impl\2.20.0\log4j-slf4j-impl-2.20.0.jar;C:\Users\chand\.m2\repository\org\apache\logging\log4j\log4j-api\2.20.0\log4j-api-2.20.0.jar;C:\Users\chand\.m2\repository\org\apache\logging\log4j\log4j-core\2.20.0\log4j-core-2.20.0.jar;C:\Users\chand\.m2\repository\org\junit\jupiter\junit-jupiter\5.10.1\junit-jupiter-5.10.1.jar;C:\Users\chand\.m2\repository\org\junit\jupiter\junit-jupiter-api\5.10.1\junit-jupiter-api-5.10.1.jar;C:\Users\chand\.m2\repository\org\opentest4j\opentest4j\1.3.0\opentest4j-1.3.0.jar;C:\Users\chand\.m2\repository\org\junit\platform\junit-platform-commons\1.10.1\junit-platform-commons-1.10.1.jar;C:\Users\chand\.m2\repository\org\apiguardian\apiguardian-api\1.1.2\apiguardian-api-1.1.2.jar;C:\Users\chand\.m2\repository\org\junit\jupiter\junit-jupiter-params\5.10.1\junit-jupiter-params-5.10.1.jar;C:\Users\chand\.m2\repository\org\junit\jupiter\junit-jupiter-engine\5.10.1\junit-jupiter-engine-5.10.1.jar;C:\Users\chand\.m2\repository\org\junit\platform\junit-platform-engine\1.10.1\junit-platform-engine-1.10.1.jar;C:\Users\chand\.m2\repository\org\apache\flink\flink-test-utils\1.18.1\flink-test-utils-1.18.1.jar;C:\Users\chand\.m2\repository\org\apache\flink\flink-table-common\1.18.1\flink-table-common-1.18.1.jar;C:\Users\chand\.m2\repository\com\ibm\icu\icu4j\67.1\icu4j-67.1.jar;C:\Users\chand\.m2\repository\org\apache\flink\flink-core\1.18.1\flink-core-1.18.1-tests.jar;C:\Users\chand\.m2\repository\org\apache\flink\flink-rpc-akka-loader\1.18.1\flink-rpc-akka-loader-1.18.1-tests.jar;C:\Users\chand\.m2\repository\org\assertj\assertj-core\3.24.2\assertj-core-3.24.2.jar;C:\Users\chand\.m2\repository\org\apache\flink\flink-streaming-java\1.18.1\flink-streaming-java-1.18.1-tests.jar;C:\Users\chand\.m2\repository\org\apache\flink\flink-statebackend-rocksdb\1.18.1\flink-statebackend-rocksdb-1.18.1.jar;C:\Users\chand\.m2\repository\com\ververica\frocksdbjni\6.20.3-ververica-2.0\frocksdbjni-6.20.3-ververica-2.0.jar;C:\Users\chand\.m2\repository\org\apache\flink\flink-statebackend-changelog\1.18.1\flink-statebackend-changelog-1.18.1.jar;C:\Users\chand\.m2\repository\org\apache\flink\flink-statebackend-common\1.18.1\flink-statebackend-common-1.18.1.jar;C:\Users\chand\.m2\repository\org\apache\flink\flink-dstl-dfs\1.18.1\flink-dstl-dfs-1.18.1.jar;C:\Users\chand\.m2\repository\org\apache\flink\flink-runtime\1.18.1\flink-runtime-1.18.1-tests.jar;C:\Users\chand\.m2\repository\org\apache\flink\flink-rpc-core\1.18.1\flink-rpc-core-1.18.1.jar;C:\Users\chand\.m2\repository\org\apache\flink\flink-rpc-akka-loader\1.18.1\flink-rpc-akka-loader-1.18.1.jar;C:\Users\chand\.m2\repository\org\apache\flink\flink-queryable-state-client-java\1.18.1\flink-queryable-state-client-java-1.18.1.jar;C:\Users\chand\.m2\repository\org\apache\flink\flink-hadoop-fs\1.18.1\flink-hadoop-fs-1.18.1.jar;C:\Users\chand\.m2\repository\commons-io\commons-io\2.11.0\commons-io-2.11.0.jar;C:\Users\chand\.m2\repository\org\apache\flink\flink-shaded-netty\4.1.91.Final-17.0\flink-shaded-netty-4.1.91.Final-17.0.jar;C:\Users\chand\.m2\repository\org\apache\flink\flink-shaded-jackson\2.14.2-17.0\flink-shaded-jackson-2.14.2-17.0.jar;C:\Users\chand\.m2\repository\org\apache\flink\flink-shaded-zookeeper-3\3.7.1-17.0\flink-shaded-zookeeper-3-3.7.1-17.0.jar;C:\Users\chand\.m2\repository\org\apache\commons\commons-lang3\3.13.0\commons-lang3-3.13.0.jar;C:\Users\chand\.m2\repository\org\apache\commons\commons-text\1.10.0\commons-text-1.10.0.jar;C:\Users\chand\.m2\repository\org\javassist\javassist\3.24.0-GA\javassist-3.24.0-GA.jar;C:\Users\chand\.m2\repository\org\xerial\snappy\snappy-java\1.1.10.4\snappy-java-1.1.10.4.jar;C:\Users\chand\.m2\repository\org\lz4\lz4-java\1.8.0\lz4-java-1.8.0.jar;C:\Users\chand\.m2\repository\org\apache\flink\flink-test-utils-junit\1.18.1\flink-test-utils-junit-1.18.1.jar;C:\Users\chand\.m2\repository\org\junit\vintage\junit-vintage-engine\5.10.1\junit-vintage-engine-5.10.1.jar;C:\Users\chand\.m2\repository\junit\junit\4.13.2\junit-4.13.2.jar;C:\Users\chand\.m2\repository\org\hamcrest\hamcrest-core\2.2\hamcrest-core-2.2.jar;C:\Users\chand\.m2\repository\org\testcontainers\testcontainers\1.19.3\testcontainers-1.19.3.jar;C:\Users\chand\.m2\repository\org\rnorth\duct-tape\duct-tape\1.0.8\duct-tape-1.0.8.jar;C:\Users\chand\.m2\repository\org\jetbrains\annotations\17.0.0\annotations-17.0.0.jar;C:\Users\chand\.m2\repository\com\github\docker-java\docker-java-api\3.3.4\docker-java-api-3.3.4.jar;C:\Users\chand\.m2\repository\com\fasterxml\jackson\core\jackson-annotations\2.15.3\jackson-annotations-2.15.3.jar;C:\Users\chand\.m2\repository\com\github\docker-java\docker-java-transport-zerodep\3.3.4\docker-java-transport-zerodep-3.3.4.jar;C:\Users\chand\.m2\repository\com\github\docker-java\docker-java-transport\3.3.4\docker-java-transport-3.3.4.jar;C:\Users\chand\.m2\repository\net\java\dev\jna\jna\5.13.0\jna-5.13.0.jar;C:\Users\chand\.m2\repository\org\springframework\boot\spring-boot-starter-test\3.2.0\spring-boot-starter-test-3.2.0.jar;C:\Users\chand\.m2\repository\org\springframework\boot\spring-boot-test\3.2.0\spring-boot-test-3.2.0.jar;C:\Users\chand\.m2\repository\org\springframework\boot\spring-boot-test-autoconfigure\3.2.0\spring-boot-test-autoconfigure-3.2.0.jar;C:\Users\chand\.m2\repository\com\jayway\jsonpath\json-path\2.8.0\json-path-2.8.0.jar;C:\Users\chand\.m2\repository\jakarta\xml\bind\jakarta.xml.bind-api\4.0.1\jakarta.xml.bind-api-4.0.1.jar;C:\Users\chand\.m2\repository\jakarta\activation\jakarta.activation-api\2.1.2\jakarta.activation-api-2.1.2.jar;C:\Users\chand\.m2\repository\net\minidev\json-smart\2.5.0\json-smart-2.5.0.jar;C:\Users\chand\.m2\repository\net\minidev\accessors-smart\2.5.0\accessors-smart-2.5.0.jar;C:\Users\chand\.m2\repository\org\ow2\asm\asm\9.3\asm-9.3.jar;C:\Users\chand\.m2\repository\org\awaitility\awaitility\4.2.0\awaitility-4.2.0.jar;C:\Users\chand\.m2\repository\org\hamcrest\hamcrest\2.2\hamcrest-2.2.jar;C:\Users\chand\.m2\repository\org\mockito\mockito-junit-jupiter\5.7.0\mockito-junit-jupiter-5.7.0.jar;C:\Users\chand\.m2\repository\org\skyscreamer\jsonassert\1.5.1\jsonassert-1.5.1.jar;C:\Users\chand\.m2\repository\com\vaadin\external\google\android-json\0.0.20131108.vaadin1\android-json-0.0.20131108.vaadin1.jar;C:\Users\chand\.m2\repository\org\springframework\spring-test\6.1.1\spring-test-6.1.1.jar;C:\Users\chand\.m2\repository\org\xmlunit\xmlunit-core\2.9.1\xmlunit-core-2.9.1.jar;C:\Users\chand\.m2\repository\org\mockito\mockito-core\5.7.0\mockito-core-5.7.0.jar;C:\Users\chand\.m2\repository\net\bytebuddy\byte-buddy\1.14.10\byte-buddy-1.14.10.jar;C:\Users\chand\.m2\repository\net\bytebuddy\byte-buddy-agent\1.14.10\byte-buddy-agent-1.14.10.jar;C:\Users\chand\.m2\repository\org\objenesis\objenesis\3.3\objenesis-3.3.jar;"/>
    <property name="java.vm.vendor" value="Oracle Corporation"/>
    <property name="sun.arch.data.model" value="64"/>
    <property name="user.variant" value=""/>
    <property name="java.vendor.url" value="https://java.oracle.com/"/>
    <property name="user.timezone" value="Asia/Calcutta"/>
    <property name="os.name" value="Windows 11"/>
    <property name="java.vm.specification.version" value="21"/>
    <property name="sun.java.launcher" value="SUN_STANDARD"/>
    <property name="user.country" value="IN"/>
    <property name="sun.boot.library.path" value="C:\Program Files\Java\jdk-21\bin"/>
    <property name="sun.java.command" value="C:\Users\chand\AppData\Local\Temp\surefire6320883356166899090\surefirebooter-20250903144722205_3.jar C:\Users\chand\AppData\Local\Temp\surefire6320883356166899090 2025-09-03T14-47-22_026-jvmRun1 surefire-20250903144722205_1tmp surefire_0-20250903144722205_2tmp"/>
    <property name="jdk.debug" value="release"/>
    <property name="surefire.test.class.path" value="d:\projects\New folder\flink-skaffold\target\test-classes;d:\projects\New folder\flink-skaffold\target\classes;C:\Users\chand\.m2\repository\org\springframework\boot\spring-boot-starter\3.2.0\spring-boot-starter-3.2.0.jar;C:\Users\chand\.m2\repository\org\springframework\boot\spring-boot\3.2.0\spring-boot-3.2.0.jar;C:\Users\chand\.m2\repository\org\springframework\spring-context\6.1.1\spring-context-6.1.1.jar;C:\Users\chand\.m2\repository\org\springframework\spring-aop\6.1.1\spring-aop-6.1.1.jar;C:\Users\chand\.m2\repository\org\springframework\spring-beans\6.1.1\spring-beans-6.1.1.jar;C:\Users\chand\.m2\repository\org\springframework\spring-expression\6.1.1\spring-expression-6.1.1.jar;C:\Users\chand\.m2\repository\io\micrometer\micrometer-observation\1.12.0\micrometer-observation-1.12.0.jar;C:\Users\chand\.m2\repository\io\micrometer\micrometer-commons\1.12.0\micrometer-commons-1.12.0.jar;C:\Users\chand\.m2\repository\org\springframework\boot\spring-boot-autoconfigure\3.2.0\spring-boot-autoconfigure-3.2.0.jar;C:\Users\chand\.m2\repository\org\springframework\boot\spring-boot-starter-logging\3.2.0\spring-boot-starter-logging-3.2.0.jar;C:\Users\chand\.m2\repository\ch\qos\logback\logback-classic\1.4.11\logback-classic-1.4.11.jar;C:\Users\chand\.m2\repository\ch\qos\logback\logback-core\1.4.11\logback-core-1.4.11.jar;C:\Users\chand\.m2\repository\org\apache\logging\log4j\log4j-to-slf4j\2.21.1\log4j-to-slf4j-2.21.1.jar;C:\Users\chand\.m2\repository\org\slf4j\jul-to-slf4j\2.0.9\jul-to-slf4j-2.0.9.jar;C:\Users\chand\.m2\repository\jakarta\annotation\jakarta.annotation-api\2.1.1\jakarta.annotation-api-2.1.1.jar;C:\Users\chand\.m2\repository\org\springframework\spring-core\6.1.1\spring-core-6.1.1.jar;C:\Users\chand\.m2\repository\org\springframework\spring-jcl\6.1.1\spring-jcl-6.1.1.jar;C:\Users\chand\.m2\repository\org\yaml\snakeyaml\2.2\snakeyaml-2.2.jar;C:\Users\chand\.m2\repository\org\springframework\boot\spring-boot-configuration-processor\3.2.0\spring-boot-configuration-processor-3.2.0.jar;C:\Users\chand\.m2\repository\org\apache\flink\flink-streaming-java\1.18.1\flink-streaming-java-1.18.1.jar;C:\Users\chand\.m2\repository\org\apache\flink\flink-core\1.18.1\flink-core-1.18.1.jar;C:\Users\chand\.m2\repository\org\apache\flink\flink-annotations\1.18.1\flink-annotations-1.18.1.jar;C:\Users\chand\.m2\repository\org\apache\flink\flink-metrics-core\1.18.1\flink-metrics-core-1.18.1.jar;C:\Users\chand\.m2\repository\org\apache\flink\flink-shaded-asm-9\9.5-17.0\flink-shaded-asm-9-9.5-17.0.jar;C:\Users\chand\.m2\repository\com\esotericsoftware\kryo\kryo\2.24.0\kryo-2.24.0.jar;C:\Users\chand\.m2\repository\com\esotericsoftware\minlog\minlog\1.2\minlog-1.2.jar;C:\Users\chand\.m2\repository\commons-collections\commons-collections\3.2.2\commons-collections-3.2.2.jar;C:\Users\chand\.m2\repository\org\apache\commons\commons-compress\1.21\commons-compress-1.21.jar;C:\Users\chand\.m2\repository\org\apache\flink\flink-file-sink-common\1.18.1\flink-file-sink-common-1.18.1.jar;C:\Users\chand\.m2\repository\org\apache\flink\flink-runtime\1.18.1\flink-runtime-1.18.1.jar;C:\Users\chand\.m2\repository\org\apache\flink\flink-java\1.18.1\flink-java-1.18.1.jar;C:\Users\chand\.m2\repository\com\twitter\chill-java\0.7.6\chill-java-0.7.6.jar;C:\Users\chand\.m2\repository\org\apache\flink\flink-shaded-guava\31.1-jre-17.0\flink-shaded-guava-31.1-jre-17.0.jar;C:\Users\chand\.m2\repository\org\apache\commons\commons-math3\3.6.1\commons-math3-3.6.1.jar;C:\Users\chand\.m2\repository\org\slf4j\slf4j-api\2.0.9\slf4j-api-2.0.9.jar;C:\Users\chand\.m2\repository\com\google\code\findbugs\jsr305\1.3.9\jsr305-1.3.9.jar;C:\Users\chand\.m2\repository\org\apache\flink\flink-clients\1.18.1\flink-clients-1.18.1.jar;C:\Users\chand\.m2\repository\org\apache\flink\flink-optimizer\1.18.1\flink-optimizer-1.18.1.jar;C:\Users\chand\.m2\repository\commons-cli\commons-cli\1.5.0\commons-cli-1.5.0.jar;C:\Users\chand\.m2\repository\org\apache\flink\flink-connector-files\1.18.1\flink-connector-files-1.18.1.jar;C:\Users\chand\.m2\repository\org\apache\flink\flink-csv\1.18.1\flink-csv-1.18.1.jar;C:\Users\chand\.m2\repository\org\apache\flink\flink-json\1.18.1\flink-json-1.18.1.jar;C:\Users\chand\.m2\repository\org\apache\logging\log4j\log4j-slf4j-impl\2.20.0\log4j-slf4j-impl-2.20.0.jar;C:\Users\chand\.m2\repository\org\apache\logging\log4j\log4j-api\2.20.0\log4j-api-2.20.0.jar;C:\Users\chand\.m2\repository\org\apache\logging\log4j\log4j-core\2.20.0\log4j-core-2.20.0.jar;C:\Users\chand\.m2\repository\org\junit\jupiter\junit-jupiter\5.10.1\junit-jupiter-5.10.1.jar;C:\Users\chand\.m2\repository\org\junit\jupiter\junit-jupiter-api\5.10.1\junit-jupiter-api-5.10.1.jar;C:\Users\chand\.m2\repository\org\opentest4j\opentest4j\1.3.0\opentest4j-1.3.0.jar;C:\Users\chand\.m2\repository\org\junit\platform\junit-platform-commons\1.10.1\junit-platform-commons-1.10.1.jar;C:\Users\chand\.m2\repository\org\apiguardian\apiguardian-api\1.1.2\apiguardian-api-1.1.2.jar;C:\Users\chand\.m2\repository\org\junit\jupiter\junit-jupiter-params\5.10.1\junit-jupiter-params-5.10.1.jar;C:\Users\chand\.m2\repository\org\junit\jupiter\junit-jupiter-engine\5.10.1\junit-jupiter-engine-5.10.1.jar;C:\Users\chand\.m2\repository\org\junit\platform\junit-platform-engine\1.10.1\junit-platform-engine-1.10.1.jar;C:\Users\chand\.m2\repository\org\apache\flink\flink-test-utils\1.18.1\flink-test-utils-1.18.1.jar;C:\Users\chand\.m2\repository\org\apache\flink\flink-table-common\1.18.1\flink-table-common-1.18.1.jar;C:\Users\chand\.m2\repository\com\ibm\icu\icu4j\67.1\icu4j-67.1.jar;C:\Users\chand\.m2\repository\org\apache\flink\flink-core\1.18.1\flink-core-1.18.1-tests.jar;C:\Users\chand\.m2\repository\org\apache\flink\flink-rpc-akka-loader\1.18.1\flink-rpc-akka-loader-1.18.1-tests.jar;C:\Users\chand\.m2\repository\org\assertj\assertj-core\3.24.2\assertj-core-3.24.2.jar;C:\Users\chand\.m2\repository\org\apache\flink\flink-streaming-java\1.18.1\flink-streaming-java-1.18.1-tests.jar;C:\Users\chand\.m2\repository\org\apache\flink\flink-statebackend-rocksdb\1.18.1\flink-statebackend-rocksdb-1.18.1.jar;C:\Users\chand\.m2\repository\com\ververica\frocksdbjni\6.20.3-ververica-2.0\frocksdbjni-6.20.3-ververica-2.0.jar;C:\Users\chand\.m2\repository\org\apache\flink\flink-statebackend-changelog\1.18.1\flink-statebackend-changelog-1.18.1.jar;C:\Users\chand\.m2\repository\org\apache\flink\flink-statebackend-common\1.18.1\flink-statebackend-common-1.18.1.jar;C:\Users\chand\.m2\repository\org\apache\flink\flink-dstl-dfs\1.18.1\flink-dstl-dfs-1.18.1.jar;C:\Users\chand\.m2\repository\org\apache\flink\flink-runtime\1.18.1\flink-runtime-1.18.1-tests.jar;C:\Users\chand\.m2\repository\org\apache\flink\flink-rpc-core\1.18.1\flink-rpc-core-1.18.1.jar;C:\Users\chand\.m2\repository\org\apache\flink\flink-rpc-akka-loader\1.18.1\flink-rpc-akka-loader-1.18.1.jar;C:\Users\chand\.m2\repository\org\apache\flink\flink-queryable-state-client-java\1.18.1\flink-queryable-state-client-java-1.18.1.jar;C:\Users\chand\.m2\repository\org\apache\flink\flink-hadoop-fs\1.18.1\flink-hadoop-fs-1.18.1.jar;C:\Users\chand\.m2\repository\commons-io\commons-io\2.11.0\commons-io-2.11.0.jar;C:\Users\chand\.m2\repository\org\apache\flink\flink-shaded-netty\4.1.91.Final-17.0\flink-shaded-netty-4.1.91.Final-17.0.jar;C:\Users\chand\.m2\repository\org\apache\flink\flink-shaded-jackson\2.14.2-17.0\flink-shaded-jackson-2.14.2-17.0.jar;C:\Users\chand\.m2\repository\org\apache\flink\flink-shaded-zookeeper-3\3.7.1-17.0\flink-shaded-zookeeper-3-3.7.1-17.0.jar;C:\Users\chand\.m2\repository\org\apache\commons\commons-lang3\3.13.0\commons-lang3-3.13.0.jar;C:\Users\chand\.m2\repository\org\apache\commons\commons-text\1.10.0\commons-text-1.10.0.jar;C:\Users\chand\.m2\repository\org\javassist\javassist\3.24.0-GA\javassist-3.24.0-GA.jar;C:\Users\chand\.m2\repository\org\xerial\snappy\snappy-java\1.1.10.4\snappy-java-1.1.10.4.jar;C:\Users\chand\.m2\repository\org\lz4\lz4-java\1.8.0\lz4-java-1.8.0.jar;C:\Users\chand\.m2\repository\org\apache\flink\flink-test-utils-junit\1.18.1\flink-test-utils-junit-1.18.1.jar;C:\Users\chand\.m2\repository\org\junit\vintage\junit-vintage-engine\5.10.1\junit-vintage-engine-5.10.1.jar;C:\Users\chand\.m2\repository\junit\junit\4.13.2\junit-4.13.2.jar;C:\Users\chand\.m2\repository\org\hamcrest\hamcrest-core\2.2\hamcrest-core-2.2.jar;C:\Users\chand\.m2\repository\org\testcontainers\testcontainers\1.19.3\testcontainers-1.19.3.jar;C:\Users\chand\.m2\repository\org\rnorth\duct-tape\duct-tape\1.0.8\duct-tape-1.0.8.jar;C:\Users\chand\.m2\repository\org\jetbrains\annotations\17.0.0\annotations-17.0.0.jar;C:\Users\chand\.m2\repository\com\github\docker-java\docker-java-api\3.3.4\docker-java-api-3.3.4.jar;C:\Users\chand\.m2\repository\com\fasterxml\jackson\core\jackson-annotations\2.15.3\jackson-annotations-2.15.3.jar;C:\Users\chand\.m2\repository\com\github\docker-java\docker-java-transport-zerodep\3.3.4\docker-java-transport-zerodep-3.3.4.jar;C:\Users\chand\.m2\repository\com\github\docker-java\docker-java-transport\3.3.4\docker-java-transport-3.3.4.jar;C:\Users\chand\.m2\repository\net\java\dev\jna\jna\5.13.0\jna-5.13.0.jar;C:\Users\chand\.m2\repository\org\springframework\boot\spring-boot-starter-test\3.2.0\spring-boot-starter-test-3.2.0.jar;C:\Users\chand\.m2\repository\org\springframework\boot\spring-boot-test\3.2.0\spring-boot-test-3.2.0.jar;C:\Users\chand\.m2\repository\org\springframework\boot\spring-boot-test-autoconfigure\3.2.0\spring-boot-test-autoconfigure-3.2.0.jar;C:\Users\chand\.m2\repository\com\jayway\jsonpath\json-path\2.8.0\json-path-2.8.0.jar;C:\Users\chand\.m2\repository\jakarta\xml\bind\jakarta.xml.bind-api\4.0.1\jakarta.xml.bind-api-4.0.1.jar;C:\Users\chand\.m2\repository\jakarta\activation\jakarta.activation-api\2.1.2\jakarta.activation-api-2.1.2.jar;C:\Users\chand\.m2\repository\net\minidev\json-smart\2.5.0\json-smart-2.5.0.jar;C:\Users\chand\.m2\repository\net\minidev\accessors-smart\2.5.0\accessors-smart-2.5.0.jar;C:\Users\chand\.m2\repository\org\ow2\asm\asm\9.3\asm-9.3.jar;C:\Users\chand\.m2\repository\org\awaitility\awaitility\4.2.0\awaitility-4.2.0.jar;C:\Users\chand\.m2\repository\org\hamcrest\hamcrest\2.2\hamcrest-2.2.jar;C:\Users\chand\.m2\repository\org\mockito\mockito-junit-jupiter\5.7.0\mockito-junit-jupiter-5.7.0.jar;C:\Users\chand\.m2\repository\org\skyscreamer\jsonassert\1.5.1\jsonassert-1.5.1.jar;C:\Users\chand\.m2\repository\com\vaadin\external\google\android-json\0.0.20131108.vaadin1\android-json-0.0.20131108.vaadin1.jar;C:\Users\chand\.m2\repository\org\springframework\spring-test\6.1.1\spring-test-6.1.1.jar;C:\Users\chand\.m2\repository\org\xmlunit\xmlunit-core\2.9.1\xmlunit-core-2.9.1.jar;C:\Users\chand\.m2\repository\org\mockito\mockito-core\5.7.0\mockito-core-5.7.0.jar;C:\Users\chand\.m2\repository\net\bytebuddy\byte-buddy\1.14.10\byte-buddy-1.14.10.jar;C:\Users\chand\.m2\repository\net\bytebuddy\byte-buddy-agent\1.14.10\byte-buddy-agent-1.14.10.jar;C:\Users\chand\.m2\repository\org\objenesis\objenesis\3.3\objenesis-3.3.jar;"/>
    <property name="sun.cpu.endian" value="little"/>
    <property name="user.home" value="C:\Users\chand"/>
    <property name="user.language" value="en"/>
    <property name="java.specification.vendor" value="Oracle Corporation"/>
    <property name="java.version.date" value="2025-07-15"/>
    <property name="java.home" value="C:\Program Files\Java\jdk-21"/>
    <property name="file.separator" value="\"/>
    <property name="basedir" value="d:\projects\New folder\flink-skaffold"/>
    <property name="java.vm.compressedOopsMode" value="32-bit"/>
    <property name="line.separator" value="&#10;"/>
    <property name="java.vm.specification.vendor" value="Oracle Corporation"/>
    <property name="java.specification.name" value="Java Platform API Specification"/>
    <property name="surefire.real.class.path" value="C:\Users\chand\AppData\Local\Temp\surefire6320883356166899090\surefirebooter-20250903144722205_3.jar"/>
    <property name="user.script" value=""/>
    <property name="sun.management.compiler" value="HotSpot 64-Bit Tiered Compilers"/>
    <property name="java.runtime.version" value="21.0.8+12-LTS-250"/>
    <property name="user.name" value="chand"/>
    <property name="stdout.encoding" value="Cp1252"/>
    <property name="path.separator" value=";"/>
    <property name="os.version" value="10.0"/>
    <property name="java.runtime.name" value="Java(TM) SE Runtime Environment"/>
    <property name="file.encoding" value="UTF-8"/>
    <property name="java.vm.name" value="Java HotSpot(TM) 64-Bit Server VM"/>
    <property name="localRepository" value="C:\Users\chand\.m2\repository"/>
    <property name="java.vendor.url.bug" value="https://bugreport.java.com/bugreport/"/>
    <property name="java.io.tmpdir" value="C:\Users\chand\AppData\Local\Temp\"/>
    <property name="java.version" value="21.0.8"/>
    <property name="user.dir" value="d:\projects\New folder\flink-skaffold"/>
    <property name="os.arch" value="amd64"/>
    <property name="java.vm.specification.name" value="Java Virtual Machine Specification"/>
    <property name="sun.os.patch.level" value=""/>
    <property name="native.encoding" value="Cp1252"/>
    <property name="java.library.path" value="C:\Program Files\Java\jdk-21\bin;C:\WINDOWS\Sun\Java\bin;C:\WINDOWS\system32;C:\WINDOWS;C:\Program Files\Common Files\Oracle\Java\javapath;C:\Program Files (x86)\Common Files\Oracle\Java\javapath;C:\WINDOWS\system32;C:\WINDOWS;C:\WINDOWS\System32\Wbem;C:\WINDOWS\System32\WindowsPowerShell\v1.0\;C:\WINDOWS\System32\OpenSSH\;C:\Program Files\Git\cmd;C:\Program Files\dotnet\;C:\Users\chand\AppData\Local\Programs\Python\Python312;C:\Users\chand\AppData\Local\Programs\Python\Python312\Scripts;C:\Program Files\nodejs\;C:\Program Files\Common Files\Oracle\Java\javapath;C:\Program Files (x86)\Common Files\Oracle\Java\javapath;C:\WINDOWS\system32;C:\WINDOWS;C:\WINDOWS\System32\Wbem;C:\WINDOWS\System32\WindowsPowerShell\v1.0\;C:\WINDOWS\System32\OpenSSH\;C:\Program Files\Git\cmd;C:\Program Files\dotnet\;C:\Users\chand\AppData\Local\Programs\Python\Python312;C:\Users\chand\AppData\Local\Programs\Python\Python312\Scripts;C:\Program Files\nodejs\;C:\Users\chand\AppData\Local\Programs\Python\Launcher\;C:\Users\chand\AppData\Local\Microsoft\WindowsApps;;C:\Users\chand\AppData\Local\Programs\Microsoft VS Code\bin;C:\Program Files\JetBrains\PyCharm 2023.3\bin;;C:\Users\chand\AppData\Roaming\npm;C:\Users\chand\AppData\Local\Programs\Ollama;c:\Users\chand\AppData\Roaming\Code\User\globalStorage\github.copilot-chat\debugCommand;C:\tools\apache-maven-3.9.6\bin;c:\Users\chand\AppData\Roaming\Code\User\globalStorage\github.copilot-chat\debugCommand;."/>
    <property name="java.vm.info" value="mixed mode, sharing"/>
    <property name="stderr.encoding" value="Cp1252"/>
    <property name="java.vendor" value="Oracle Corporation"/>
    <property name="java.vm.version" value="21.0.8+12-LTS-250"/>
    <property name="sun.io.unicode.encoding" value="UnicodeLittle"/>
    <property name="java.class.version" value="65.0"/>
  </properties>
  <testcase name="testCompleteDataProcessingPipeline" classname="com.example.flink.integration.FlinkDataProcessingIntegrationTest" time="6.599">
    <system-out><![CDATA[14:47:23.579 [main] INFO org.apache.flink.runtime.taskexecutor.TaskExecutorResourceUtils -- The configuration option taskmanager.cpu.cores required for local execution is not set, setting it to the maximal possible value.
14:47:23.583 [main] INFO org.apache.flink.runtime.taskexecutor.TaskExecutorResourceUtils -- The configuration option taskmanager.memory.task.heap.size required for local execution is not set, setting it to the maximal possible value.
14:47:23.583 [main] INFO org.apache.flink.runtime.taskexecutor.TaskExecutorResourceUtils -- The configuration option taskmanager.memory.task.off-heap.size required for local execution is not set, setting it to the maximal possible value.
14:47:23.583 [main] INFO org.apache.flink.runtime.taskexecutor.TaskExecutorResourceUtils -- The configuration option taskmanager.memory.network.min required for local execution is not set, setting it to its default value 64 mb.
14:47:23.583 [main] INFO org.apache.flink.runtime.taskexecutor.TaskExecutorResourceUtils -- The configuration option taskmanager.memory.network.max required for local execution is not set, setting it to its default value 64 mb.
14:47:23.595 [main] INFO org.apache.flink.runtime.minicluster.MiniCluster -- Starting Flink Mini Cluster
14:47:23.600 [main] INFO org.apache.flink.runtime.minicluster.MiniCluster -- Starting Metrics Registry
14:47:23.662 [main] INFO org.apache.flink.runtime.metrics.MetricRegistryImpl -- No metrics reporter configured, no metrics will be exposed/reported.
14:47:23.662 [main] INFO org.apache.flink.runtime.minicluster.MiniCluster -- Starting RPC Service(s)
14:47:23.688 [main] INFO org.apache.flink.runtime.rpc.pekko.PekkoRpcServiceUtils -- Trying to start local actor system
14:47:24.312 [flink-pekko.actor.default-dispatcher-5] INFO org.apache.pekko.event.slf4j.Slf4jLogger -- Slf4jLogger started
14:47:24.502 [main] INFO org.apache.flink.runtime.rpc.pekko.PekkoRpcServiceUtils -- Actor system started at pekko://flink
14:47:24.521 [main] INFO org.apache.flink.runtime.rpc.pekko.PekkoRpcServiceUtils -- Trying to start local actor system
14:47:24.535 [flink-metrics-6] INFO org.apache.pekko.event.slf4j.Slf4jLogger -- Slf4jLogger started
14:47:24.535 [main] INFO org.apache.flink.runtime.rpc.pekko.PekkoRpcServiceUtils -- Actor system started at pekko://flink-metrics
14:47:24.556 [main] INFO org.apache.flink.runtime.rpc.pekko.PekkoRpcService -- Starting RPC endpoint for org.apache.flink.runtime.metrics.dump.MetricQueryService at pekko://flink-metrics/user/rpc/MetricQueryService .
14:47:24.707 [main] INFO org.apache.flink.runtime.security.token.DefaultDelegationTokenManager -- Loading delegation token providers
14:47:24.713 [main] INFO org.apache.flink.runtime.security.token.hadoop.HadoopFSDelegationTokenProvider -- Hadoop FS is not available (not packaged with this application): NoClassDefFoundError : "org/apache/hadoop/conf/Configuration".
14:47:24.713 [main] INFO org.apache.flink.runtime.security.token.DefaultDelegationTokenManager -- Delegation token provider hadoopfs loaded and initialized
14:47:24.723 [main] INFO org.apache.flink.runtime.security.token.DefaultDelegationTokenManager -- Delegation token provider hbase loaded and initialized
14:47:24.724 [main] INFO org.apache.flink.runtime.security.token.DefaultDelegationTokenManager -- Delegation token provider test loaded and initialized
14:47:24.725 [main] INFO org.apache.flink.runtime.security.token.DefaultDelegationTokenManager -- Delegation token provider throw loaded and initialized
14:47:24.726 [main] INFO org.apache.flink.runtime.security.token.DefaultDelegationTokenManager -- Delegation token providers loaded successfully
14:47:24.726 [main] INFO org.apache.flink.runtime.security.token.DelegationTokenReceiverRepository -- Loading delegation token receivers
14:47:24.729 [main] INFO org.apache.flink.runtime.security.token.DelegationTokenReceiverRepository -- Delegation token receiver hadoopfs loaded and initialized
14:47:24.729 [main] INFO org.apache.flink.runtime.security.token.DelegationTokenReceiverRepository -- Delegation token receiver hbase loaded and initialized
14:47:24.731 [main] INFO org.apache.flink.runtime.security.token.DelegationTokenReceiverRepository -- Delegation token receiver test loaded and initialized
14:47:24.732 [main] INFO org.apache.flink.runtime.security.token.DelegationTokenReceiverRepository -- Delegation token receiver throw loaded and initialized
14:47:24.732 [main] INFO org.apache.flink.runtime.security.token.DelegationTokenReceiverRepository -- Delegation token receivers loaded successfully
14:47:24.732 [main] INFO org.apache.flink.runtime.security.token.DefaultDelegationTokenManager -- Checking provider and receiver instances consistency
14:47:24.732 [main] INFO org.apache.flink.runtime.security.token.DefaultDelegationTokenManager -- Provider and receiver instances are consistent
14:47:24.732 [main] INFO org.apache.flink.runtime.security.token.DefaultDelegationTokenManager -- Obtaining delegation tokens
14:47:24.732 [main] INFO org.apache.flink.runtime.security.token.DefaultDelegationTokenManager -- Delegation tokens obtained successfully
14:47:24.732 [main] WARN org.apache.flink.runtime.security.token.DefaultDelegationTokenManager -- No tokens obtained so skipping notifications
14:47:24.732 [main] INFO org.apache.flink.runtime.security.token.DelegationTokenReceiverRepository -- Loading delegation token receivers
14:47:24.732 [main] INFO org.apache.flink.runtime.security.token.DelegationTokenReceiverRepository -- Delegation token receiver hadoopfs loaded and initialized
14:47:24.732 [main] INFO org.apache.flink.runtime.security.token.DelegationTokenReceiverRepository -- Delegation token receiver hbase loaded and initialized
14:47:24.732 [main] INFO org.apache.flink.runtime.security.token.DelegationTokenReceiverRepository -- Delegation token receiver test loaded and initialized
14:47:24.732 [main] INFO org.apache.flink.runtime.security.token.DelegationTokenReceiverRepository -- Delegation token receiver throw loaded and initialized
14:47:24.732 [main] INFO org.apache.flink.runtime.security.token.DelegationTokenReceiverRepository -- Delegation token receivers loaded successfully
14:47:24.732 [main] INFO org.apache.flink.runtime.blob.BlobServer -- Created BLOB server storage directory C:\Users\chand\AppData\Local\Temp\junit992872647197490528\junit14878906087195804204\minicluster_09beb9713022dbbd76cc83d638f0a825\blobStorage
14:47:24.756 [main] INFO org.apache.flink.runtime.blob.BlobServer -- Started BLOB server at 0.0.0.0:58759 - max concurrent requests: 50 - max backlog: 1000
14:47:24.781 [main] INFO org.apache.flink.runtime.blob.PermanentBlobCache -- Created BLOB cache storage directory C:\Users\chand\AppData\Local\Temp\junit992872647197490528\junit14878906087195804204\minicluster_09beb9713022dbbd76cc83d638f0a825\blobStorage
14:47:24.783 [main] INFO org.apache.flink.runtime.blob.TransientBlobCache -- Created BLOB cache storage directory C:\Users\chand\AppData\Local\Temp\junit992872647197490528\junit14878906087195804204\minicluster_09beb9713022dbbd76cc83d638f0a825\blobStorage
14:47:24.783 [main] INFO org.apache.flink.runtime.minicluster.MiniCluster -- Starting 1 TaskManager(s)
14:47:24.790 [main] INFO org.apache.flink.runtime.taskexecutor.TaskManagerRunner -- Starting TaskManager with ResourceID: 330749d8-f04c-4798-91d2-8e1185dd2d0b
14:47:24.819 [main] INFO org.apache.flink.runtime.taskexecutor.TaskManagerServices -- Temporary file directory 'C:\Users\chand\AppData\Local\Temp\junit992872647197490528\junit14878906087195804204': total 219 GB, usable 72 GB (32.88% usable)
14:47:24.824 [main] INFO org.apache.flink.runtime.io.disk.iomanager.IOManager -- Created a new FileChannelManager for spilling of task related data to disk (joins, sorting, ...). Used directories:
	C:\Users\chand\AppData\Local\Temp\junit992872647197490528\junit14878906087195804204\flink-io-2f89498a-03d1-4679-852e-7672ef334290
14:47:24.838 [main] INFO org.apache.flink.runtime.io.network.NettyShuffleServiceFactory -- Created a new FileChannelManager for storing result partitions of BLOCKING shuffles. Used directories:
	C:\Users\chand\AppData\Local\Temp\junit992872647197490528\junit14878906087195804204\flink-netty-shuffle-b02b5fc0-6944-46c9-909f-a98539d4e5e9
14:47:24.886 [main] INFO org.apache.flink.runtime.io.network.buffer.NetworkBufferPool -- Allocated 64 MB for network buffer pool (number of memory segments: 2048, bytes per segment: 32768).
14:47:24.901 [main] INFO org.apache.flink.runtime.io.network.NettyShuffleEnvironment -- Starting the network environment and its components.
14:47:24.901 [main] INFO org.apache.flink.runtime.taskexecutor.KvStateService -- Starting the kvState service and its components.
14:47:24.948 [main] INFO org.apache.flink.configuration.Configuration -- Config uses fallback configuration key 'pekko.ask.timeout' instead of key 'taskmanager.slot.timeout'
14:47:24.957 [main] INFO org.apache.flink.runtime.rpc.pekko.PekkoRpcService -- Starting RPC endpoint for org.apache.flink.runtime.taskexecutor.TaskExecutor at pekko://flink/user/rpc/taskmanager_0 .
14:47:24.979 [flink-pekko.actor.default-dispatcher-5] INFO org.apache.flink.runtime.taskexecutor.DefaultJobLeaderService -- Start job leader service.
14:47:24.981 [flink-pekko.actor.default-dispatcher-5] INFO org.apache.flink.runtime.filecache.FileCache -- User file cache uses directory C:\Users\chand\AppData\Local\Temp\junit992872647197490528\junit14878906087195804204\flink-dist-cache-575bbdda-e2f7-4003-95d4-5167525ba46f
14:47:25.047 [main] INFO org.apache.flink.runtime.dispatcher.DispatcherRestEndpoint -- Starting rest endpoint.
14:47:25.049 [main] INFO org.apache.flink.runtime.dispatcher.DispatcherRestEndpoint -- Failed to load web based job submission extension. Probable reason: flink-runtime-web is not in the classpath.
14:47:25.329 [main] WARN org.apache.flink.runtime.webmonitor.WebMonitorUtils -- Log file environment variable 'log.file' is not set.
14:47:25.329 [main] WARN org.apache.flink.runtime.webmonitor.WebMonitorUtils -- JobManager log files are unavailable in the web dashboard. Log file location not found in environment variable 'log.file' or configuration key 'web.log.path'.
14:47:25.536 [main] INFO org.apache.flink.runtime.dispatcher.DispatcherRestEndpoint -- Rest endpoint listening at localhost:58760
14:47:25.536 [main] INFO org.apache.flink.runtime.highavailability.nonha.embedded.EmbeddedLeaderService -- Proposing leadership to the contender that is registered under component ID 'rest_server'.
14:47:25.542 [mini-cluster-io-thread-1] INFO org.apache.flink.runtime.dispatcher.DispatcherRestEndpoint -- http://localhost:58760 was granted leadership with leaderSessionID=f576b857-fce5-4dc4-a89a-e09da8164584
14:47:25.542 [mini-cluster-io-thread-1] INFO org.apache.flink.runtime.highavailability.nonha.embedded.EmbeddedLeaderService -- Received confirmation of leadership for leader http://localhost:58760 , session=f576b857-fce5-4dc4-a89a-e09da8164584
14:47:25.557 [main] INFO org.apache.flink.runtime.highavailability.nonha.embedded.EmbeddedLeaderService -- Proposing leadership to the contender that is registered under component ID 'dispatcher'.
14:47:25.559 [main] INFO org.apache.flink.runtime.resourcemanager.ResourceManagerServiceImpl -- Starting resource manager service.
14:47:25.559 [main] INFO org.apache.flink.runtime.highavailability.nonha.embedded.EmbeddedLeaderService -- Proposing leadership to the contender that is registered under component ID 'resource_manager'.
14:47:25.559 [mini-cluster-io-thread-2] INFO org.apache.flink.runtime.dispatcher.runner.DefaultDispatcherRunner -- DefaultDispatcherRunner was granted leadership with leader id faae37e0-0c68-4dce-8f05-6dee578fd2e9. Creating new DispatcherLeaderProcess.
14:47:25.561 [pool-3-thread-1] INFO org.apache.flink.runtime.resourcemanager.ResourceManagerServiceImpl -- Resource manager service is granted leadership with session id f821bc9b-d117-4714-be18-ef719ace5284.
14:47:25.563 [main] INFO org.apache.flink.runtime.minicluster.MiniCluster -- Flink Mini Cluster started successfully
14:47:25.564 [mini-cluster-io-thread-2] INFO org.apache.flink.runtime.dispatcher.runner.SessionDispatcherLeaderProcess -- Start SessionDispatcherLeaderProcess.
14:47:25.575 [mini-cluster-io-thread-1] INFO org.apache.flink.runtime.dispatcher.runner.SessionDispatcherLeaderProcess -- Recover all persisted job graphs that are not finished, yet.
14:47:25.575 [mini-cluster-io-thread-1] INFO org.apache.flink.runtime.dispatcher.runner.SessionDispatcherLeaderProcess -- Successfully recovered 0 persisted job graphs.
14:47:25.599 [pool-3-thread-1] INFO org.apache.flink.runtime.rpc.pekko.PekkoRpcService -- Starting RPC endpoint for org.apache.flink.runtime.resourcemanager.StandaloneResourceManager at pekko://flink/user/rpc/resourcemanager_1 .
14:47:25.605 [mini-cluster-io-thread-1] INFO org.apache.flink.runtime.rpc.pekko.PekkoRpcService -- Starting RPC endpoint for org.apache.flink.runtime.dispatcher.StandaloneDispatcher at pekko://flink/user/rpc/dispatcher_2 .
14:47:25.616 [flink-pekko.actor.default-dispatcher-5] INFO org.apache.flink.runtime.resourcemanager.StandaloneResourceManager -- Starting the resource manager.
14:47:25.626 [flink-pekko.actor.default-dispatcher-5] INFO org.apache.flink.runtime.resourcemanager.slotmanager.FineGrainedSlotManager -- Starting the slot manager.
14:47:25.628 [flink-pekko.actor.default-dispatcher-5] INFO org.apache.flink.runtime.security.token.DefaultDelegationTokenManager -- Starting tokens update task
14:47:25.629 [flink-pekko.actor.default-dispatcher-5] WARN org.apache.flink.runtime.security.token.DefaultDelegationTokenManager -- No tokens obtained so skipping notifications
14:47:25.629 [flink-pekko.actor.default-dispatcher-5] WARN org.apache.flink.runtime.security.token.DefaultDelegationTokenManager -- Tokens update task not started because either no tokens obtained or none of the tokens specified its renewal date
14:47:25.630 [mini-cluster-io-thread-4] INFO org.apache.flink.runtime.highavailability.nonha.embedded.EmbeddedLeaderService -- Received confirmation of leadership for leader pekko://flink/user/rpc/resourcemanager_1 , session=f821bc9b-d117-4714-be18-ef719ace5284
14:47:25.634 [flink-pekko.actor.default-dispatcher-5] INFO org.apache.flink.runtime.taskexecutor.TaskExecutor -- Connecting to ResourceManager pekko://flink/user/rpc/resourcemanager_1(be18ef719ace5284f821bc9bd1174714).
14:47:25.643 [mini-cluster-io-thread-1] INFO org.apache.flink.runtime.highavailability.nonha.embedded.EmbeddedLeaderService -- Received confirmation of leadership for leader pekko://flink/user/rpc/dispatcher_2 , session=faae37e0-0c68-4dce-8f05-6dee578fd2e9
Using sample test data files:
- Copied accounts from: src\test\resources\data\accounts.csv
- Copied products from: src\test\resources\data\products.csv
Test data ready:
- Accounts: C:\Users\chand\AppData\Local\Temp\junit15224482431592944084\input\accounts.csv
- Products: C:\Users\chand\AppData\Local\Temp\junit15224482431592944084\input\products.csv
Configured Flink application for integration testing
Input validation complete:
- Account records: 21
- Product records: 11
- Output concentration dir: C:\Users\chand\AppData\Local\Temp\junit15224482431592944084\output\concentration
- Output cash dir: C:\Users\chand\AppData\Local\Temp\junit15224482431592944084\output\cash
14:47:25.683 [flink-pekko.actor.default-dispatcher-5] INFO org.apache.flink.runtime.taskexecutor.TaskExecutor -- Resolved ResourceManager address, beginning registration
14:47:25.693 [flink-pekko.actor.default-dispatcher-9] INFO org.apache.flink.runtime.resourcemanager.StandaloneResourceManager -- Registering TaskManager with ResourceID 330749d8-f04c-4798-91d2-8e1185dd2d0b (pekko://flink/user/rpc/taskmanager_0) at ResourceManager
14:47:25.698 [flink-pekko.actor.default-dispatcher-5] INFO org.apache.flink.runtime.taskexecutor.TaskExecutor -- Successful registration at resource manager pekko://flink/user/rpc/resourcemanager_1 under registration id eb99df4a78c320ad2f44263629f456ad.
14:47:25.704 [flink-pekko.actor.default-dispatcher-7] INFO org.apache.flink.runtime.resourcemanager.slotmanager.FineGrainedSlotManager -- Registering task executor 330749d8-f04c-4798-91d2-8e1185dd2d0b under eb99df4a78c320ad2f44263629f456ad at the slot manager.
14:47:25.744 [junit-timeout-thread-1] INFO org.apache.flink.api.java.typeutils.TypeExtractor -- class org.apache.flink.streaming.api.functions.source.TimestampedFileInputSplit does not contain a setter for field modificationTime
14:47:25.744 [junit-timeout-thread-1] INFO org.apache.flink.api.java.typeutils.TypeExtractor -- Class class org.apache.flink.streaming.api.functions.source.TimestampedFileInputSplit cannot be used as a POJO type because not all fields are valid POJO fields, and must be processed as GenericType. Please read the Flink documentation on "Data Types & Serialization" for details of the effect on performance and schema evolution.
14:47:25.786 [junit-timeout-thread-1] INFO org.apache.flink.api.java.typeutils.TypeExtractor -- class com.example.flink.domain.model.Account does not contain a setter for field accountId
14:47:25.786 [junit-timeout-thread-1] INFO org.apache.flink.api.java.typeutils.TypeExtractor -- Class class com.example.flink.domain.model.Account cannot be used as a POJO type because not all fields are valid POJO fields, and must be processed as GenericType. Please read the Flink documentation on "Data Types & Serialization" for details of the effect on performance and schema evolution.
14:47:25.786 [junit-timeout-thread-1] INFO org.apache.flink.api.java.typeutils.TypeExtractor -- class org.apache.flink.streaming.api.functions.source.TimestampedFileInputSplit does not contain a setter for field modificationTime
14:47:25.786 [junit-timeout-thread-1] INFO org.apache.flink.api.java.typeutils.TypeExtractor -- Class class org.apache.flink.streaming.api.functions.source.TimestampedFileInputSplit cannot be used as a POJO type because not all fields are valid POJO fields, and must be processed as GenericType. Please read the Flink documentation on "Data Types & Serialization" for details of the effect on performance and schema evolution.
14:47:25.796 [junit-timeout-thread-1] INFO org.apache.flink.api.java.typeutils.TypeExtractor -- class com.example.flink.domain.model.Product does not contain a setter for field productId
14:47:25.796 [junit-timeout-thread-1] INFO org.apache.flink.api.java.typeutils.TypeExtractor -- Class class com.example.flink.domain.model.Product cannot be used as a POJO type because not all fields are valid POJO fields, and must be processed as GenericType. Please read the Flink documentation on "Data Types & Serialization" for details of the effect on performance and schema evolution.
14:47:25.818 [junit-timeout-thread-1] INFO org.apache.flink.api.java.typeutils.TypeExtractor -- class com.example.flink.domain.model.ConcentrationResult does not contain a setter for field entityId
14:47:25.819 [junit-timeout-thread-1] INFO org.apache.flink.api.java.typeutils.TypeExtractor -- Class class com.example.flink.domain.model.ConcentrationResult cannot be used as a POJO type because not all fields are valid POJO fields, and must be processed as GenericType. Please read the Flink documentation on "Data Types & Serialization" for details of the effect on performance and schema evolution.
14:47:25.820 [junit-timeout-thread-1] INFO org.apache.flink.api.java.typeutils.TypeExtractor -- class com.example.flink.domain.model.ConcentrationResult does not contain a setter for field entityId
14:47:25.820 [junit-timeout-thread-1] INFO org.apache.flink.api.java.typeutils.TypeExtractor -- Class class com.example.flink.domain.model.ConcentrationResult cannot be used as a POJO type because not all fields are valid POJO fields, and must be processed as GenericType. Please read the Flink documentation on "Data Types & Serialization" for details of the effect on performance and schema evolution.
14:47:25.832 [junit-timeout-thread-1] INFO org.apache.flink.api.java.typeutils.TypeExtractor -- class com.example.flink.domain.model.ConcentrationResult does not contain a setter for field entityId
14:47:25.832 [junit-timeout-thread-1] INFO org.apache.flink.api.java.typeutils.TypeExtractor -- Class class com.example.flink.domain.model.ConcentrationResult cannot be used as a POJO type because not all fields are valid POJO fields, and must be processed as GenericType. Please read the Flink documentation on "Data Types & Serialization" for details of the effect on performance and schema evolution.
14:47:25.842 [junit-timeout-thread-1] INFO org.apache.flink.api.java.typeutils.TypeExtractor -- class java.time.LocalDateTime does not contain a getter for field date
14:47:25.843 [junit-timeout-thread-1] INFO org.apache.flink.api.java.typeutils.TypeExtractor -- class java.time.LocalDateTime does not contain a setter for field date
14:47:25.843 [junit-timeout-thread-1] INFO org.apache.flink.api.java.typeutils.TypeExtractor -- Class class java.time.LocalDateTime cannot be used as a POJO type because not all fields are valid POJO fields, and must be processed as GenericType. Please read the Flink documentation on "Data Types & Serialization" for details of the effect on performance and schema evolution.
14:47:25.843 [junit-timeout-thread-1] INFO org.apache.flink.api.java.typeutils.TypeExtractor -- Field CashAccumulator#lastUpdateTime will be processed as GenericType. Please read the Flink documentation on "Data Types & Serialization" for details of the effect on performance and schema evolution.
14:47:25.844 [junit-timeout-thread-1] INFO org.apache.flink.api.java.typeutils.TypeExtractor -- class com.example.flink.domain.model.CashResult does not contain a setter for field accountId
14:47:25.844 [junit-timeout-thread-1] INFO org.apache.flink.api.java.typeutils.TypeExtractor -- Class class com.example.flink.domain.model.CashResult cannot be used as a POJO type because not all fields are valid POJO fields, and must be processed as GenericType. Please read the Flink documentation on "Data Types & Serialization" for details of the effect on performance and schema evolution.
14:47:25.844 [junit-timeout-thread-1] INFO org.apache.flink.api.java.typeutils.TypeExtractor -- class com.example.flink.domain.model.CashResult does not contain a setter for field accountId
14:47:25.844 [junit-timeout-thread-1] INFO org.apache.flink.api.java.typeutils.TypeExtractor -- Class class com.example.flink.domain.model.CashResult cannot be used as a POJO type because not all fields are valid POJO fields, and must be processed as GenericType. Please read the Flink documentation on "Data Types & Serialization" for details of the effect on performance and schema evolution.
14:47:25.856 [junit-timeout-thread-1] INFO org.apache.flink.api.java.typeutils.TypeExtractor -- class com.example.flink.domain.model.CashResult does not contain a setter for field accountId
14:47:25.856 [junit-timeout-thread-1] INFO org.apache.flink.api.java.typeutils.TypeExtractor -- Class class com.example.flink.domain.model.CashResult cannot be used as a POJO type because not all fields are valid POJO fields, and must be processed as GenericType. Please read the Flink documentation on "Data Types & Serialization" for details of the effect on performance and schema evolution.
14:47:25.876 [junit-timeout-thread-1] INFO org.apache.flink.api.java.typeutils.TypeExtractor -- class com.example.flink.domain.model.ConcentrationResult does not contain a setter for field entityId
14:47:25.876 [junit-timeout-thread-1] INFO org.apache.flink.api.java.typeutils.TypeExtractor -- Class class com.example.flink.domain.model.ConcentrationResult cannot be used as a POJO type because not all fields are valid POJO fields, and must be processed as GenericType. Please read the Flink documentation on "Data Types & Serialization" for details of the effect on performance and schema evolution.
14:47:25.877 [junit-timeout-thread-1] INFO org.apache.flink.api.java.typeutils.TypeExtractor -- class com.example.flink.domain.model.CashResult does not contain a setter for field accountId
14:47:25.877 [junit-timeout-thread-1] INFO org.apache.flink.api.java.typeutils.TypeExtractor -- Class class com.example.flink.domain.model.CashResult cannot be used as a POJO type because not all fields are valid POJO fields, and must be processed as GenericType. Please read the Flink documentation on "Data Types & Serialization" for details of the effect on performance and schema evolution.
14:47:25.878 [junit-timeout-thread-1] INFO com.example.flink.job.DataProcessingJob -- Data processing pipeline configured successfully:
14:47:25.878 [junit-timeout-thread-1] INFO com.example.flink.job.DataProcessingJob -- - Application: Integration Test Application v1.0.0-TEST
14:47:25.878 [junit-timeout-thread-1] INFO com.example.flink.job.DataProcessingJob -- - Account Source: C:\Users\chand\AppData\Local\Temp\junit15224482431592944084\input\accounts.csv
14:47:25.878 [junit-timeout-thread-1] INFO com.example.flink.job.DataProcessingJob -- - Product Source: C:\Users\chand\AppData\Local\Temp\junit15224482431592944084\input\products.csv
14:47:25.878 [junit-timeout-thread-1] INFO com.example.flink.job.DataProcessingJob -- - Concentration Output: C:\Users\chand\AppData\Local\Temp\junit15224482431592944084\output\concentration
14:47:25.878 [junit-timeout-thread-1] INFO com.example.flink.job.DataProcessingJob -- - Cash Output: C:\Users\chand\AppData\Local\Temp\junit15224482431592944084\output\cash
14:47:25.878 [junit-timeout-thread-1] INFO com.example.flink.job.DataProcessingJob -- - Processing Parallelism: 1
14:47:25.878 [junit-timeout-thread-1] INFO com.example.flink.job.DataProcessingJob -- - Validation Enabled: true
14:47:25.923 [junit-timeout-thread-1] INFO org.apache.flink.core.fs.FileSystem -- Hadoop is not in the classpath/dependencies. The extended set of supported File Systems via Hadoop is not available.
14:47:26.135 [flink-pekko.actor.default-dispatcher-7] INFO org.apache.flink.runtime.dispatcher.StandaloneDispatcher -- Received JobGraph submission 'Flink Data Processing Job - Integration Test Application' (12e83ef6c26c91212f6ad3f87290903d).
14:47:26.136 [flink-pekko.actor.default-dispatcher-7] INFO org.apache.flink.runtime.dispatcher.StandaloneDispatcher -- Submitting job 'Flink Data Processing Job - Integration Test Application' (12e83ef6c26c91212f6ad3f87290903d).
14:47:26.148 [flink-pekko.actor.default-dispatcher-7] INFO org.apache.flink.runtime.highavailability.nonha.embedded.EmbeddedLeaderService -- Proposing leadership to the contender that is registered under component ID 'job-12e83ef6c26c91212f6ad3f87290903d'.
14:47:26.148 [mini-cluster-io-thread-2] INFO org.apache.flink.runtime.jobmaster.JobMasterServiceLeadershipRunner -- JobMasterServiceLeadershipRunner for job 12e83ef6c26c91212f6ad3f87290903d was granted leadership with leader id b2c4002f-8e01-4853-964d-fb311d49267c. Creating new JobMasterServiceProcess.
14:47:26.163 [jobmanager-io-thread-1] INFO org.apache.flink.runtime.rpc.pekko.PekkoRpcService -- Starting RPC endpoint for org.apache.flink.runtime.jobmaster.JobMaster at pekko://flink/user/rpc/jobmanager_3 .
14:47:26.172 [jobmanager-io-thread-1] INFO org.apache.flink.runtime.jobmaster.JobMaster -- Initializing job 'Flink Data Processing Job - Integration Test Application' (12e83ef6c26c91212f6ad3f87290903d).
14:47:26.187 [jobmanager-io-thread-1] INFO org.apache.flink.runtime.jobmaster.JobMaster -- Using restart back off time strategy FixedDelayRestartBackoffTimeStrategy(maxNumberRestartAttempts=2147483647, backoffTimeMS=1000) for Flink Data Processing Job - Integration Test Application (12e83ef6c26c91212f6ad3f87290903d).
14:47:26.228 [jobmanager-io-thread-1] INFO org.apache.flink.runtime.executiongraph.ExecutionGraph -- Created execution graph c2065113846263983ec6e0ba425cb07c for job 12e83ef6c26c91212f6ad3f87290903d.
14:47:26.256 [jobmanager-io-thread-1] INFO org.apache.flink.runtime.jobmaster.JobMaster -- Running initialization on master for job Flink Data Processing Job - Integration Test Application (12e83ef6c26c91212f6ad3f87290903d).
14:47:26.256 [jobmanager-io-thread-1] INFO org.apache.flink.runtime.jobmaster.JobMaster -- Successfully ran initialization on master in 0 ms.
14:47:26.285 [jobmanager-io-thread-1] INFO org.apache.flink.runtime.scheduler.adapter.DefaultExecutionTopology -- Built 2 new pipelined regions in 3 ms, total 2 pipelined regions currently.
14:47:26.294 [jobmanager-io-thread-1] INFO org.apache.flink.runtime.jobmaster.JobMaster -- No state backend has been configured, using default (HashMap) org.apache.flink.runtime.state.hashmap.HashMapStateBackend@6cdc5628
14:47:26.294 [jobmanager-io-thread-1] INFO org.apache.flink.runtime.state.StateBackendLoader -- State backend loader loads the state backend as HashMapStateBackend
14:47:26.301 [jobmanager-io-thread-1] INFO org.apache.flink.runtime.jobmaster.JobMaster -- Checkpoint storage is set to 'filesystem': (checkpoints "file:/C:/Users/chand/AppData/Local/Temp/junit992872647197490528/junit8195530386487057494")
14:47:26.340 [jobmanager-io-thread-1] INFO org.apache.flink.runtime.checkpoint.CheckpointCoordinator -- No checkpoint found during restore.
14:47:26.348 [jobmanager-io-thread-1] INFO org.apache.flink.runtime.jobmaster.JobMaster -- Using failover strategy org.apache.flink.runtime.executiongraph.failover.flip1.RestartPipelinedRegionFailoverStrategy@1a5ce67b for Flink Data Processing Job - Integration Test Application (12e83ef6c26c91212f6ad3f87290903d).
14:47:26.357 [jobmanager-io-thread-1] INFO org.apache.flink.runtime.highavailability.nonha.embedded.EmbeddedLeaderService -- Received confirmation of leadership for leader pekko://flink/user/rpc/jobmanager_3 , session=b2c4002f-8e01-4853-964d-fb311d49267c
14:47:26.361 [flink-pekko.actor.default-dispatcher-7] INFO org.apache.flink.runtime.jobmaster.JobMaster -- Starting execution of job 'Flink Data Processing Job - Integration Test Application' (12e83ef6c26c91212f6ad3f87290903d) under job master id 964dfb311d49267cb2c4002f8e014853.
14:47:26.364 [flink-pekko.actor.default-dispatcher-7] INFO org.apache.flink.runtime.jobmaster.JobMaster -- Starting scheduling with scheduling strategy [org.apache.flink.runtime.scheduler.strategy.PipelinedRegionSchedulingStrategy]
14:47:26.364 [flink-pekko.actor.default-dispatcher-7] INFO org.apache.flink.runtime.executiongraph.ExecutionGraph -- Job Flink Data Processing Job - Integration Test Application (12e83ef6c26c91212f6ad3f87290903d) switched from state CREATED to RUNNING.
14:47:26.368 [flink-pekko.actor.default-dispatcher-7] INFO org.apache.flink.runtime.executiongraph.ExecutionGraph -- Source: Custom File Source (1/1) (c2065113846263983ec6e0ba425cb07c_bc764cd8ddf7a0cff126f51c16239658_0_0) switched from CREATED to SCHEDULED.
14:47:26.368 [flink-pekko.actor.default-dispatcher-7] INFO org.apache.flink.runtime.executiongraph.ExecutionGraph -- Split Reader: Custom File Source -> Map -> Filter (1/1) (c2065113846263983ec6e0ba425cb07c_51397532e2d9c7a21097a30d590b3114_0_0) switched from CREATED to SCHEDULED.
14:47:26.368 [flink-pekko.actor.default-dispatcher-7] INFO org.apache.flink.runtime.executiongraph.ExecutionGraph -- TumblingProcessingTimeWindows -> Map -> Filter -> (concentration-result-file-sink: Writer -> concentration-result-file-sink: Committer, concentration-logging) (1/1) (c2065113846263983ec6e0ba425cb07c_740faecab4c96094932bb8d6017aa69e_0_0) switched from CREATED to SCHEDULED.
14:47:26.368 [flink-pekko.actor.default-dispatcher-7] INFO org.apache.flink.runtime.executiongraph.ExecutionGraph -- TumblingProcessingTimeWindows -> Map -> Filter -> (cash-result-file-sink: Writer -> cash-result-file-sink: Committer, cash-logging) (1/1) (c2065113846263983ec6e0ba425cb07c_a71b01a454f66016e32376d3e077f153_0_0) switched from CREATED to SCHEDULED.
14:47:26.396 [flink-pekko.actor.default-dispatcher-7] INFO org.apache.flink.runtime.executiongraph.ExecutionGraph -- Source: Custom File Source (1/1) (c2065113846263983ec6e0ba425cb07c_feca28aff5a3958840bee985ee7de4d3_0_0) switched from CREATED to SCHEDULED.
14:47:26.396 [flink-pekko.actor.default-dispatcher-7] INFO org.apache.flink.runtime.executiongraph.ExecutionGraph -- Split Reader: Custom File Source -> Map -> Filter (1/1) (c2065113846263983ec6e0ba425cb07c_8b9f3e513101bcc5d198aee685286d98_0_0) switched from CREATED to SCHEDULED.
14:47:26.396 [flink-pekko.actor.default-dispatcher-7] INFO org.apache.flink.runtime.jobmaster.JobMaster -- Connecting to ResourceManager pekko://flink/user/rpc/resourcemanager_1(be18ef719ace5284f821bc9bd1174714)
14:47:26.398 [flink-pekko.actor.default-dispatcher-7] INFO org.apache.flink.runtime.jobmaster.JobMaster -- Resolved ResourceManager address, beginning registration
14:47:26.405 [flink-pekko.actor.default-dispatcher-5] INFO org.apache.flink.runtime.resourcemanager.StandaloneResourceManager -- Registering job manager 964dfb311d49267cb2c4002f8e014853@pekko://flink/user/rpc/jobmanager_3 for job 12e83ef6c26c91212f6ad3f87290903d.
14:47:26.410 [flink-pekko.actor.default-dispatcher-8] INFO org.apache.flink.runtime.resourcemanager.StandaloneResourceManager -- Registered job manager 964dfb311d49267cb2c4002f8e014853@pekko://flink/user/rpc/jobmanager_3 for job 12e83ef6c26c91212f6ad3f87290903d.
14:47:26.414 [flink-pekko.actor.default-dispatcher-5] INFO org.apache.flink.runtime.jobmaster.JobMaster -- JobManager successfully registered at ResourceManager, leader id: be18ef719ace5284f821bc9bd1174714.
14:47:26.417 [flink-pekko.actor.default-dispatcher-8] INFO org.apache.flink.runtime.resourcemanager.slotmanager.FineGrainedSlotManager -- Received resource requirements from job 12e83ef6c26c91212f6ad3f87290903d: [ResourceRequirement{resourceProfile=ResourceProfile{UNKNOWN}, numberOfRequiredSlots=1}]
14:47:26.490 [flink-pekko.actor.default-dispatcher-5] INFO org.apache.flink.runtime.resourcemanager.slotmanager.FineGrainedSlotManager -- Matching resource requirements against available resources.
Missing resources:
	 Job 12e83ef6c26c91212f6ad3f87290903d
		ResourceRequirement{resourceProfile=ResourceProfile{UNKNOWN}, numberOfRequiredSlots=1}
Current resources:
	TaskManager 330749d8-f04c-4798-91d2-8e1185dd2d0b
		Available: ResourceProfile{taskHeapMemory=1024.000gb (1099511627776 bytes), taskOffHeapMemory=1024.000gb (1099511627776 bytes), managedMemory=80.000mb (83886080 bytes), networkMemory=64.000mb (67108864 bytes)}
		Total:     ResourceProfile{taskHeapMemory=1024.000gb (1099511627776 bytes), taskOffHeapMemory=1024.000gb (1099511627776 bytes), managedMemory=80.000mb (83886080 bytes), networkMemory=64.000mb (67108864 bytes)}
14:47:26.502 [flink-pekko.actor.default-dispatcher-5] INFO org.apache.flink.runtime.resourcemanager.slotmanager.DefaultSlotStatusSyncer -- Starting allocation of slot bc423ddc3bf00710dbb6fa12665e242d from 330749d8-f04c-4798-91d2-8e1185dd2d0b for job 12e83ef6c26c91212f6ad3f87290903d with resource profile ResourceProfile{taskHeapMemory=1024.000gb (1099511627776 bytes), taskOffHeapMemory=1024.000gb (1099511627776 bytes), managedMemory=80.000mb (83886080 bytes), networkMemory=64.000mb (67108864 bytes)}.
14:47:26.515 [flink-pekko.actor.default-dispatcher-8] INFO org.apache.flink.runtime.taskexecutor.TaskExecutor -- Receive slot request bc423ddc3bf00710dbb6fa12665e242d for job 12e83ef6c26c91212f6ad3f87290903d from resource manager with leader id be18ef719ace5284f821bc9bd1174714.
14:47:26.517 [flink-pekko.actor.default-dispatcher-8] INFO org.apache.flink.runtime.taskexecutor.slot.TaskSlotTableImpl -- Allocated slot for bc423ddc3bf00710dbb6fa12665e242d with resources ResourceProfile{taskHeapMemory=1024.000gb (1099511627776 bytes), taskOffHeapMemory=1024.000gb (1099511627776 bytes), managedMemory=80.000mb (83886080 bytes), networkMemory=64.000mb (67108864 bytes)}.
14:47:26.521 [flink-pekko.actor.default-dispatcher-8] INFO org.apache.flink.runtime.taskexecutor.DefaultJobLeaderService -- Add job 12e83ef6c26c91212f6ad3f87290903d for job leader monitoring.
14:47:26.521 [mini-cluster-io-thread-2] INFO org.apache.flink.runtime.taskexecutor.DefaultJobLeaderService -- Try to register at job manager pekko://flink/user/rpc/jobmanager_3 with leader id b2c4002f-8e01-4853-964d-fb311d49267c.
14:47:26.527 [flink-pekko.actor.default-dispatcher-5] INFO org.apache.flink.runtime.taskexecutor.DefaultJobLeaderService -- Resolved JobManager address, beginning registration
14:47:26.534 [flink-pekko.actor.default-dispatcher-8] INFO org.apache.flink.runtime.taskexecutor.DefaultJobLeaderService -- Successful registration at job manager pekko://flink/user/rpc/jobmanager_3 for job 12e83ef6c26c91212f6ad3f87290903d.
14:47:26.535 [flink-pekko.actor.default-dispatcher-8] INFO org.apache.flink.runtime.taskexecutor.TaskExecutor -- Establish JobManager connection for job 12e83ef6c26c91212f6ad3f87290903d.
14:47:26.536 [flink-pekko.actor.default-dispatcher-8] INFO org.apache.flink.runtime.taskexecutor.TaskExecutor -- Offer reserved slots to the leader of job 12e83ef6c26c91212f6ad3f87290903d.
14:47:26.543 [flink-pekko.actor.default-dispatcher-7] INFO org.apache.flink.runtime.executiongraph.ExecutionGraph -- Source: Custom File Source (1/1) (c2065113846263983ec6e0ba425cb07c_bc764cd8ddf7a0cff126f51c16239658_0_0) switched from SCHEDULED to DEPLOYING.
14:47:26.543 [flink-pekko.actor.default-dispatcher-7] INFO org.apache.flink.runtime.executiongraph.ExecutionGraph -- Deploying Source: Custom File Source (1/1) (attempt #0) with attempt id c2065113846263983ec6e0ba425cb07c_bc764cd8ddf7a0cff126f51c16239658_0_0 and vertex id bc764cd8ddf7a0cff126f51c16239658_0 to 330749d8-f04c-4798-91d2-8e1185dd2d0b @ kubernetes.docker.internal (dataPort=-1) with allocation id bc423ddc3bf00710dbb6fa12665e242d
14:47:26.548 [flink-pekko.actor.default-dispatcher-7] INFO org.apache.flink.runtime.executiongraph.ExecutionGraph -- Split Reader: Custom File Source -> Map -> Filter (1/1) (c2065113846263983ec6e0ba425cb07c_51397532e2d9c7a21097a30d590b3114_0_0) switched from SCHEDULED to DEPLOYING.
14:47:26.548 [flink-pekko.actor.default-dispatcher-7] INFO org.apache.flink.runtime.executiongraph.ExecutionGraph -- Deploying Split Reader: Custom File Source -> Map -> Filter (1/1) (attempt #0) with attempt id c2065113846263983ec6e0ba425cb07c_51397532e2d9c7a21097a30d590b3114_0_0 and vertex id 51397532e2d9c7a21097a30d590b3114_0 to 330749d8-f04c-4798-91d2-8e1185dd2d0b @ kubernetes.docker.internal (dataPort=-1) with allocation id bc423ddc3bf00710dbb6fa12665e242d
14:47:26.550 [flink-pekko.actor.default-dispatcher-8] INFO org.apache.flink.runtime.taskexecutor.slot.TaskSlotTableImpl -- Activate slot bc423ddc3bf00710dbb6fa12665e242d.
14:47:26.561 [flink-pekko.actor.default-dispatcher-7] INFO org.apache.flink.runtime.executiongraph.ExecutionGraph -- TumblingProcessingTimeWindows -> Map -> Filter -> (concentration-result-file-sink: Writer -> concentration-result-file-sink: Committer, concentration-logging) (1/1) (c2065113846263983ec6e0ba425cb07c_740faecab4c96094932bb8d6017aa69e_0_0) switched from SCHEDULED to DEPLOYING.
14:47:26.561 [flink-pekko.actor.default-dispatcher-7] INFO org.apache.flink.runtime.executiongraph.ExecutionGraph -- Deploying TumblingProcessingTimeWindows -> Map -> Filter -> (concentration-result-file-sink: Writer -> concentration-result-file-sink: Committer, concentration-logging) (1/1) (attempt #0) with attempt id c2065113846263983ec6e0ba425cb07c_740faecab4c96094932bb8d6017aa69e_0_0 and vertex id 740faecab4c96094932bb8d6017aa69e_0 to 330749d8-f04c-4798-91d2-8e1185dd2d0b @ kubernetes.docker.internal (dataPort=-1) with allocation id bc423ddc3bf00710dbb6fa12665e242d
14:47:26.564 [flink-pekko.actor.default-dispatcher-7] INFO org.apache.flink.runtime.executiongraph.ExecutionGraph -- TumblingProcessingTimeWindows -> Map -> Filter -> (cash-result-file-sink: Writer -> cash-result-file-sink: Committer, cash-logging) (1/1) (c2065113846263983ec6e0ba425cb07c_a71b01a454f66016e32376d3e077f153_0_0) switched from SCHEDULED to DEPLOYING.
14:47:26.564 [flink-pekko.actor.default-dispatcher-7] INFO org.apache.flink.runtime.executiongraph.ExecutionGraph -- Deploying TumblingProcessingTimeWindows -> Map -> Filter -> (cash-result-file-sink: Writer -> cash-result-file-sink: Committer, cash-logging) (1/1) (attempt #0) with attempt id c2065113846263983ec6e0ba425cb07c_a71b01a454f66016e32376d3e077f153_0_0 and vertex id a71b01a454f66016e32376d3e077f153_0 to 330749d8-f04c-4798-91d2-8e1185dd2d0b @ kubernetes.docker.internal (dataPort=-1) with allocation id bc423ddc3bf00710dbb6fa12665e242d
14:47:26.566 [flink-pekko.actor.default-dispatcher-7] INFO org.apache.flink.runtime.executiongraph.ExecutionGraph -- Source: Custom File Source (1/1) (c2065113846263983ec6e0ba425cb07c_feca28aff5a3958840bee985ee7de4d3_0_0) switched from SCHEDULED to DEPLOYING.
14:47:26.566 [flink-pekko.actor.default-dispatcher-7] INFO org.apache.flink.runtime.executiongraph.ExecutionGraph -- Deploying Source: Custom File Source (1/1) (attempt #0) with attempt id c2065113846263983ec6e0ba425cb07c_feca28aff5a3958840bee985ee7de4d3_0_0 and vertex id feca28aff5a3958840bee985ee7de4d3_0 to 330749d8-f04c-4798-91d2-8e1185dd2d0b @ kubernetes.docker.internal (dataPort=-1) with allocation id bc423ddc3bf00710dbb6fa12665e242d
14:47:26.568 [flink-pekko.actor.default-dispatcher-7] INFO org.apache.flink.runtime.executiongraph.ExecutionGraph -- Split Reader: Custom File Source -> Map -> Filter (1/1) (c2065113846263983ec6e0ba425cb07c_8b9f3e513101bcc5d198aee685286d98_0_0) switched from SCHEDULED to DEPLOYING.
14:47:26.568 [flink-pekko.actor.default-dispatcher-7] INFO org.apache.flink.runtime.executiongraph.ExecutionGraph -- Deploying Split Reader: Custom File Source -> Map -> Filter (1/1) (attempt #0) with attempt id c2065113846263983ec6e0ba425cb07c_8b9f3e513101bcc5d198aee685286d98_0_0 and vertex id 8b9f3e513101bcc5d198aee685286d98_0 to 330749d8-f04c-4798-91d2-8e1185dd2d0b @ kubernetes.docker.internal (dataPort=-1) with allocation id bc423ddc3bf00710dbb6fa12665e242d
14:47:26.575 [flink-pekko.actor.default-dispatcher-8] INFO org.apache.flink.runtime.state.changelog.StateChangelogStorageLoader -- StateChangelogStorageLoader initialized with shortcut names {memory,filesystem}.
14:47:26.575 [flink-pekko.actor.default-dispatcher-8] INFO org.apache.flink.runtime.state.changelog.StateChangelogStorageLoader -- Creating a changelog storage with name 'memory'.
14:47:26.585 [flink-pekko.actor.default-dispatcher-8] INFO org.apache.flink.runtime.state.TaskExecutorChannelStateExecutorFactoryManager -- Creating the channel state executor factory for job id 12e83ef6c26c91212f6ad3f87290903d
14:47:26.598 [flink-pekko.actor.default-dispatcher-8] INFO org.apache.flink.runtime.taskexecutor.TaskExecutor -- Received task Source: Custom File Source (1/1)#0 (c2065113846263983ec6e0ba425cb07c_bc764cd8ddf7a0cff126f51c16239658_0_0), deploy into slot with allocation id bc423ddc3bf00710dbb6fa12665e242d.
14:47:26.599 [Source: Custom File Source (1/1)#0] INFO org.apache.flink.runtime.taskmanager.Task -- Source: Custom File Source (1/1)#0 (c2065113846263983ec6e0ba425cb07c_bc764cd8ddf7a0cff126f51c16239658_0_0) switched from CREATED to DEPLOYING.
14:47:26.600 [flink-pekko.actor.default-dispatcher-8] INFO org.apache.flink.runtime.taskexecutor.slot.TaskSlotTableImpl -- Activate slot bc423ddc3bf00710dbb6fa12665e242d.
14:47:26.601 [Source: Custom File Source (1/1)#0] INFO org.apache.flink.runtime.taskmanager.Task -- Loading JAR files for task Source: Custom File Source (1/1)#0 (c2065113846263983ec6e0ba425cb07c_bc764cd8ddf7a0cff126f51c16239658_0_0) [DEPLOYING].
14:47:26.624 [flink-pekko.actor.default-dispatcher-8] INFO org.apache.flink.runtime.taskexecutor.TaskExecutor -- Received task Split Reader: Custom File Source -> Map -> Filter (1/1)#0 (c2065113846263983ec6e0ba425cb07c_51397532e2d9c7a21097a30d590b3114_0_0), deploy into slot with allocation id bc423ddc3bf00710dbb6fa12665e242d.
14:47:26.624 [Split Reader: Custom File Source -> Map -> Filter (1/1)#0] INFO org.apache.flink.runtime.taskmanager.Task -- Split Reader: Custom File Source -> Map -> Filter (1/1)#0 (c2065113846263983ec6e0ba425cb07c_51397532e2d9c7a21097a30d590b3114_0_0) switched from CREATED to DEPLOYING.
14:47:26.624 [flink-pekko.actor.default-dispatcher-8] INFO org.apache.flink.runtime.taskexecutor.slot.TaskSlotTableImpl -- Activate slot bc423ddc3bf00710dbb6fa12665e242d.
14:47:26.624 [Split Reader: Custom File Source -> Map -> Filter (1/1)#0] INFO org.apache.flink.runtime.taskmanager.Task -- Loading JAR files for task Split Reader: Custom File Source -> Map -> Filter (1/1)#0 (c2065113846263983ec6e0ba425cb07c_51397532e2d9c7a21097a30d590b3114_0_0) [DEPLOYING].
14:47:26.632 [flink-pekko.actor.default-dispatcher-8] INFO org.apache.flink.runtime.taskexecutor.TaskExecutor -- Received task TumblingProcessingTimeWindows -> Map -> Filter -> (concentration-result-file-sink: Writer -> concentration-result-file-sink: Committer, concentration-logging) (1/1)#0 (c2065113846263983ec6e0ba425cb07c_740faecab4c96094932bb8d6017aa69e_0_0), deploy into slot with allocation id bc423ddc3bf00710dbb6fa12665e242d.
14:47:26.633 [flink-pekko.actor.default-dispatcher-8] INFO org.apache.flink.runtime.taskexecutor.slot.TaskSlotTableImpl -- Activate slot bc423ddc3bf00710dbb6fa12665e242d.
14:47:26.633 [TumblingProcessingTimeWindows -> Map -> Filter -> (concentration-result-file-sink: Writer -> concentration-result-file-sink: Committer, concentration-logging) (1/1)#0] INFO org.apache.flink.runtime.taskmanager.Task -- TumblingProcessingTimeWindows -> Map -> Filter -> (concentration-result-file-sink: Writer -> concentration-result-file-sink: Committer, concentration-logging) (1/1)#0 (c2065113846263983ec6e0ba425cb07c_740faecab4c96094932bb8d6017aa69e_0_0) switched from CREATED to DEPLOYING.
14:47:26.633 [TumblingProcessingTimeWindows -> Map -> Filter -> (concentration-result-file-sink: Writer -> concentration-result-file-sink: Committer, concentration-logging) (1/1)#0] INFO org.apache.flink.runtime.taskmanager.Task -- Loading JAR files for task TumblingProcessingTimeWindows -> Map -> Filter -> (concentration-result-file-sink: Writer -> concentration-result-file-sink: Committer, concentration-logging) (1/1)#0 (c2065113846263983ec6e0ba425cb07c_740faecab4c96094932bb8d6017aa69e_0_0) [DEPLOYING].
14:47:26.638 [flink-pekko.actor.default-dispatcher-8] INFO org.apache.flink.runtime.taskexecutor.TaskExecutor -- Received task TumblingProcessingTimeWindows -> Map -> Filter -> (cash-result-file-sink: Writer -> cash-result-file-sink: Committer, cash-logging) (1/1)#0 (c2065113846263983ec6e0ba425cb07c_a71b01a454f66016e32376d3e077f153_0_0), deploy into slot with allocation id bc423ddc3bf00710dbb6fa12665e242d.
14:47:26.638 [flink-pekko.actor.default-dispatcher-8] INFO org.apache.flink.runtime.taskexecutor.slot.TaskSlotTableImpl -- Activate slot bc423ddc3bf00710dbb6fa12665e242d.
14:47:26.638 [TumblingProcessingTimeWindows -> Map -> Filter -> (cash-result-file-sink: Writer -> cash-result-file-sink: Committer, cash-logging) (1/1)#0] INFO org.apache.flink.runtime.taskmanager.Task -- TumblingProcessingTimeWindows -> Map -> Filter -> (cash-result-file-sink: Writer -> cash-result-file-sink: Committer, cash-logging) (1/1)#0 (c2065113846263983ec6e0ba425cb07c_a71b01a454f66016e32376d3e077f153_0_0) switched from CREATED to DEPLOYING.
14:47:26.639 [TumblingProcessingTimeWindows -> Map -> Filter -> (cash-result-file-sink: Writer -> cash-result-file-sink: Committer, cash-logging) (1/1)#0] INFO org.apache.flink.runtime.taskmanager.Task -- Loading JAR files for task TumblingProcessingTimeWindows -> Map -> Filter -> (cash-result-file-sink: Writer -> cash-result-file-sink: Committer, cash-logging) (1/1)#0 (c2065113846263983ec6e0ba425cb07c_a71b01a454f66016e32376d3e077f153_0_0) [DEPLOYING].
14:47:26.641 [flink-pekko.actor.default-dispatcher-8] INFO org.apache.flink.runtime.taskexecutor.TaskExecutor -- Received task Source: Custom File Source (1/1)#0 (c2065113846263983ec6e0ba425cb07c_feca28aff5a3958840bee985ee7de4d3_0_0), deploy into slot with allocation id bc423ddc3bf00710dbb6fa12665e242d.
14:47:26.642 [Source: Custom File Source (1/1)#0] INFO org.apache.flink.runtime.taskmanager.Task -- Source: Custom File Source (1/1)#0 (c2065113846263983ec6e0ba425cb07c_feca28aff5a3958840bee985ee7de4d3_0_0) switched from CREATED to DEPLOYING.
14:47:26.642 [flink-pekko.actor.default-dispatcher-8] INFO org.apache.flink.runtime.taskexecutor.slot.TaskSlotTableImpl -- Activate slot bc423ddc3bf00710dbb6fa12665e242d.
14:47:26.642 [Source: Custom File Source (1/1)#0] INFO org.apache.flink.runtime.taskmanager.Task -- Loading JAR files for task Source: Custom File Source (1/1)#0 (c2065113846263983ec6e0ba425cb07c_feca28aff5a3958840bee985ee7de4d3_0_0) [DEPLOYING].
14:47:26.646 [flink-pekko.actor.default-dispatcher-8] INFO org.apache.flink.runtime.taskexecutor.TaskExecutor -- Received task Split Reader: Custom File Source -> Map -> Filter (1/1)#0 (c2065113846263983ec6e0ba425cb07c_8b9f3e513101bcc5d198aee685286d98_0_0), deploy into slot with allocation id bc423ddc3bf00710dbb6fa12665e242d.
14:47:26.646 [Split Reader: Custom File Source -> Map -> Filter (1/1)#0] INFO org.apache.flink.runtime.taskmanager.Task -- Split Reader: Custom File Source -> Map -> Filter (1/1)#0 (c2065113846263983ec6e0ba425cb07c_8b9f3e513101bcc5d198aee685286d98_0_0) switched from CREATED to DEPLOYING.
14:47:26.647 [Split Reader: Custom File Source -> Map -> Filter (1/1)#0] INFO org.apache.flink.runtime.taskmanager.Task -- Loading JAR files for task Split Reader: Custom File Source -> Map -> Filter (1/1)#0 (c2065113846263983ec6e0ba425cb07c_8b9f3e513101bcc5d198aee685286d98_0_0) [DEPLOYING].
14:47:26.647 [flink-pekko.actor.default-dispatcher-8] INFO org.apache.flink.runtime.taskexecutor.slot.TaskSlotTableImpl -- Activate slot bc423ddc3bf00710dbb6fa12665e242d.
14:47:26.653 [TumblingProcessingTimeWindows -> Map -> Filter -> (cash-result-file-sink: Writer -> cash-result-file-sink: Committer, cash-logging) (1/1)#0] INFO org.apache.flink.streaming.runtime.tasks.StreamTask -- No state backend has been configured, using default (HashMap) org.apache.flink.runtime.state.hashmap.HashMapStateBackend@edf1aec
14:47:26.653 [Split Reader: Custom File Source -> Map -> Filter (1/1)#0] INFO org.apache.flink.streaming.runtime.tasks.StreamTask -- No state backend has been configured, using default (HashMap) org.apache.flink.runtime.state.hashmap.HashMapStateBackend@529c8178
14:47:26.653 [Split Reader: Custom File Source -> Map -> Filter (1/1)#0] INFO org.apache.flink.runtime.state.StateBackendLoader -- State backend loader loads the state backend as HashMapStateBackend
14:47:26.653 [TumblingProcessingTimeWindows -> Map -> Filter -> (concentration-result-file-sink: Writer -> concentration-result-file-sink: Committer, concentration-logging) (1/1)#0] INFO org.apache.flink.streaming.runtime.tasks.StreamTask -- No state backend has been configured, using default (HashMap) org.apache.flink.runtime.state.hashmap.HashMapStateBackend@364de71a
14:47:26.653 [TumblingProcessingTimeWindows -> Map -> Filter -> (cash-result-file-sink: Writer -> cash-result-file-sink: Committer, cash-logging) (1/1)#0] INFO org.apache.flink.runtime.state.StateBackendLoader -- State backend loader loads the state backend as HashMapStateBackend
14:47:26.653 [TumblingProcessingTimeWindows -> Map -> Filter -> (concentration-result-file-sink: Writer -> concentration-result-file-sink: Committer, concentration-logging) (1/1)#0] INFO org.apache.flink.runtime.state.StateBackendLoader -- State backend loader loads the state backend as HashMapStateBackend
14:47:26.653 [TumblingProcessingTimeWindows -> Map -> Filter -> (cash-result-file-sink: Writer -> cash-result-file-sink: Committer, cash-logging) (1/1)#0] INFO org.apache.flink.streaming.runtime.tasks.StreamTask -- Checkpoint storage is set to 'filesystem': (checkpoints "file:/C:/Users/chand/AppData/Local/Temp/junit992872647197490528/junit8195530386487057494")
14:47:26.653 [Split Reader: Custom File Source -> Map -> Filter (1/1)#0] INFO org.apache.flink.streaming.runtime.tasks.StreamTask -- Checkpoint storage is set to 'filesystem': (checkpoints "file:/C:/Users/chand/AppData/Local/Temp/junit992872647197490528/junit8195530386487057494")
14:47:26.653 [TumblingProcessingTimeWindows -> Map -> Filter -> (concentration-result-file-sink: Writer -> concentration-result-file-sink: Committer, concentration-logging) (1/1)#0] INFO org.apache.flink.streaming.runtime.tasks.StreamTask -- Checkpoint storage is set to 'filesystem': (checkpoints "file:/C:/Users/chand/AppData/Local/Temp/junit992872647197490528/junit8195530386487057494")
14:47:26.654 [Source: Custom File Source (1/1)#0] INFO org.apache.flink.streaming.runtime.tasks.StreamTask -- No state backend has been configured, using default (HashMap) org.apache.flink.runtime.state.hashmap.HashMapStateBackend@77c77dd6
14:47:26.654 [Source: Custom File Source (1/1)#0] INFO org.apache.flink.streaming.runtime.tasks.StreamTask -- No state backend has been configured, using default (HashMap) org.apache.flink.runtime.state.hashmap.HashMapStateBackend@4cf92e12
14:47:26.654 [Split Reader: Custom File Source -> Map -> Filter (1/1)#0] INFO org.apache.flink.streaming.runtime.tasks.StreamTask -- No state backend has been configured, using default (HashMap) org.apache.flink.runtime.state.hashmap.HashMapStateBackend@62369f11
14:47:26.654 [Source: Custom File Source (1/1)#0] INFO org.apache.flink.runtime.state.StateBackendLoader -- State backend loader loads the state backend as HashMapStateBackend
14:47:26.655 [Source: Custom File Source (1/1)#0] INFO org.apache.flink.runtime.state.StateBackendLoader -- State backend loader loads the state backend as HashMapStateBackend
14:47:26.655 [Split Reader: Custom File Source -> Map -> Filter (1/1)#0] INFO org.apache.flink.runtime.state.StateBackendLoader -- State backend loader loads the state backend as HashMapStateBackend
14:47:26.655 [Split Reader: Custom File Source -> Map -> Filter (1/1)#0] INFO org.apache.flink.streaming.runtime.tasks.StreamTask -- Checkpoint storage is set to 'filesystem': (checkpoints "file:/C:/Users/chand/AppData/Local/Temp/junit992872647197490528/junit8195530386487057494")
14:47:26.655 [Source: Custom File Source (1/1)#0] INFO org.apache.flink.streaming.runtime.tasks.StreamTask -- Checkpoint storage is set to 'filesystem': (checkpoints "file:/C:/Users/chand/AppData/Local/Temp/junit992872647197490528/junit8195530386487057494")
14:47:26.655 [Source: Custom File Source (1/1)#0] INFO org.apache.flink.streaming.runtime.tasks.StreamTask -- Checkpoint storage is set to 'filesystem': (checkpoints "file:/C:/Users/chand/AppData/Local/Temp/junit992872647197490528/junit8195530386487057494")
14:47:26.671 [TumblingProcessingTimeWindows -> Map -> Filter -> (cash-result-file-sink: Writer -> cash-result-file-sink: Committer, cash-logging) (1/1)#0] INFO org.apache.flink.runtime.taskmanager.Task -- TumblingProcessingTimeWindows -> Map -> Filter -> (cash-result-file-sink: Writer -> cash-result-file-sink: Committer, cash-logging) (1/1)#0 (c2065113846263983ec6e0ba425cb07c_a71b01a454f66016e32376d3e077f153_0_0) switched from DEPLOYING to INITIALIZING.
14:47:26.671 [Split Reader: Custom File Source -> Map -> Filter (1/1)#0] INFO org.apache.flink.runtime.taskmanager.Task -- Split Reader: Custom File Source -> Map -> Filter (1/1)#0 (c2065113846263983ec6e0ba425cb07c_51397532e2d9c7a21097a30d590b3114_0_0) switched from DEPLOYING to INITIALIZING.
14:47:26.671 [TumblingProcessingTimeWindows -> Map -> Filter -> (concentration-result-file-sink: Writer -> concentration-result-file-sink: Committer, concentration-logging) (1/1)#0] INFO org.apache.flink.runtime.taskmanager.Task -- TumblingProcessingTimeWindows -> Map -> Filter -> (concentration-result-file-sink: Writer -> concentration-result-file-sink: Committer, concentration-logging) (1/1)#0 (c2065113846263983ec6e0ba425cb07c_740faecab4c96094932bb8d6017aa69e_0_0) switched from DEPLOYING to INITIALIZING.
14:47:26.671 [Split Reader: Custom File Source -> Map -> Filter (1/1)#0] INFO org.apache.flink.runtime.taskmanager.Task -- Split Reader: Custom File Source -> Map -> Filter (1/1)#0 (c2065113846263983ec6e0ba425cb07c_8b9f3e513101bcc5d198aee685286d98_0_0) switched from DEPLOYING to INITIALIZING.
14:47:26.674 [Source: Custom File Source (1/1)#0] INFO org.apache.flink.runtime.taskmanager.Task -- Source: Custom File Source (1/1)#0 (c2065113846263983ec6e0ba425cb07c_bc764cd8ddf7a0cff126f51c16239658_0_0) switched from DEPLOYING to INITIALIZING.
14:47:26.674 [Source: Custom File Source (1/1)#0] INFO org.apache.flink.runtime.taskmanager.Task -- Source: Custom File Source (1/1)#0 (c2065113846263983ec6e0ba425cb07c_feca28aff5a3958840bee985ee7de4d3_0_0) switched from DEPLOYING to INITIALIZING.
14:47:26.675 [flink-pekko.actor.default-dispatcher-8] INFO org.apache.flink.runtime.executiongraph.ExecutionGraph -- Split Reader: Custom File Source -> Map -> Filter (1/1) (c2065113846263983ec6e0ba425cb07c_51397532e2d9c7a21097a30d590b3114_0_0) switched from DEPLOYING to INITIALIZING.
14:47:26.676 [flink-pekko.actor.default-dispatcher-8] INFO org.apache.flink.runtime.executiongraph.ExecutionGraph -- TumblingProcessingTimeWindows -> Map -> Filter -> (cash-result-file-sink: Writer -> cash-result-file-sink: Committer, cash-logging) (1/1) (c2065113846263983ec6e0ba425cb07c_a71b01a454f66016e32376d3e077f153_0_0) switched from DEPLOYING to INITIALIZING.
14:47:26.677 [flink-pekko.actor.default-dispatcher-8] INFO org.apache.flink.runtime.executiongraph.ExecutionGraph -- TumblingProcessingTimeWindows -> Map -> Filter -> (concentration-result-file-sink: Writer -> concentration-result-file-sink: Committer, concentration-logging) (1/1) (c2065113846263983ec6e0ba425cb07c_740faecab4c96094932bb8d6017aa69e_0_0) switched from DEPLOYING to INITIALIZING.
14:47:26.678 [flink-pekko.actor.default-dispatcher-8] INFO org.apache.flink.runtime.executiongraph.ExecutionGraph -- Split Reader: Custom File Source -> Map -> Filter (1/1) (c2065113846263983ec6e0ba425cb07c_8b9f3e513101bcc5d198aee685286d98_0_0) switched from DEPLOYING to INITIALIZING.
14:47:26.679 [flink-pekko.actor.default-dispatcher-8] INFO org.apache.flink.runtime.executiongraph.ExecutionGraph -- Source: Custom File Source (1/1) (c2065113846263983ec6e0ba425cb07c_bc764cd8ddf7a0cff126f51c16239658_0_0) switched from DEPLOYING to INITIALIZING.
14:47:26.679 [flink-pekko.actor.default-dispatcher-8] INFO org.apache.flink.runtime.executiongraph.ExecutionGraph -- Source: Custom File Source (1/1) (c2065113846263983ec6e0ba425cb07c_feca28aff5a3958840bee985ee7de4d3_0_0) switched from DEPLOYING to INITIALIZING.
14:47:26.782 [Source: Custom File Source (1/1)#0] INFO org.apache.flink.streaming.api.functions.source.ContinuousFileMonitoringFunction -- No state to restore for the ContinuousFileMonitoringFunction.
14:47:26.782 [Split Reader: Custom File Source -> Map -> Filter (1/1)#0] INFO org.apache.flink.streaming.api.functions.source.ContinuousFileReaderOperator -- No state to restore for the ContinuousFileReaderOperator (taskIdx=0).
14:47:26.782 [Split Reader: Custom File Source -> Map -> Filter (1/1)#0] INFO org.apache.flink.streaming.api.functions.source.ContinuousFileReaderOperator -- No state to restore for the ContinuousFileReaderOperator (taskIdx=0).
14:47:26.782 [Source: Custom File Source (1/1)#0] INFO org.apache.flink.streaming.api.functions.source.ContinuousFileMonitoringFunction -- No state to restore for the ContinuousFileMonitoringFunction.
14:47:26.787 [Source: Custom File Source (1/1)#0] INFO org.apache.flink.runtime.taskmanager.Task -- Source: Custom File Source (1/1)#0 (c2065113846263983ec6e0ba425cb07c_feca28aff5a3958840bee985ee7de4d3_0_0) switched from INITIALIZING to RUNNING.
14:47:26.787 [Source: Custom File Source (1/1)#0] INFO org.apache.flink.runtime.taskmanager.Task -- Source: Custom File Source (1/1)#0 (c2065113846263983ec6e0ba425cb07c_bc764cd8ddf7a0cff126f51c16239658_0_0) switched from INITIALIZING to RUNNING.
14:47:26.787 [flink-pekko.actor.default-dispatcher-8] INFO org.apache.flink.runtime.executiongraph.ExecutionGraph -- Source: Custom File Source (1/1) (c2065113846263983ec6e0ba425cb07c_bc764cd8ddf7a0cff126f51c16239658_0_0) switched from INITIALIZING to RUNNING.
14:47:26.788 [flink-pekko.actor.default-dispatcher-8] INFO org.apache.flink.runtime.executiongraph.ExecutionGraph -- Source: Custom File Source (1/1) (c2065113846263983ec6e0ba425cb07c_feca28aff5a3958840bee985ee7de4d3_0_0) switched from INITIALIZING to RUNNING.
14:47:26.794 [Legacy Source Thread - Source: Custom File Source (1/1)#0] INFO org.apache.flink.streaming.api.functions.source.ContinuousFileMonitoringFunction -- Forwarding split: [0] file:/C:/Users/chand/AppData/Local/Temp/junit15224482431592944084/input/accounts.csv mod@ 1756890605875 : 0 + 1888
14:47:26.794 [Legacy Source Thread - Source: Custom File Source (1/1)#0] INFO org.apache.flink.streaming.api.functions.source.ContinuousFileMonitoringFunction -- Forwarding split: [0] file:/C:/Users/chand/AppData/Local/Temp/junit15224482431592944084/input/products.csv mod@ 1756890605886 : 0 + 1348
14:47:26.795 [Legacy Source Thread - Source: Custom File Source (1/1)#0] INFO org.apache.flink.api.java.typeutils.runtime.kryo.KryoSerializer -- Kryo serializer scala extensions are not available.
14:47:26.796 [Legacy Source Thread - Source: Custom File Source (1/1)#0] INFO org.apache.flink.api.java.typeutils.runtime.kryo.KryoSerializer -- Kryo serializer scala extensions are not available.
14:47:26.797 [Split Reader: Custom File Source -> Map -> Filter (1/1)#0] INFO org.apache.flink.runtime.taskmanager.Task -- Split Reader: Custom File Source -> Map -> Filter (1/1)#0 (c2065113846263983ec6e0ba425cb07c_8b9f3e513101bcc5d198aee685286d98_0_0) switched from INITIALIZING to RUNNING.
14:47:26.797 [Split Reader: Custom File Source -> Map -> Filter (1/1)#0] INFO org.apache.flink.runtime.taskmanager.Task -- Split Reader: Custom File Source -> Map -> Filter (1/1)#0 (c2065113846263983ec6e0ba425cb07c_51397532e2d9c7a21097a30d590b3114_0_0) switched from INITIALIZING to RUNNING.
14:47:26.798 [flink-pekko.actor.default-dispatcher-8] INFO org.apache.flink.runtime.executiongraph.ExecutionGraph -- Split Reader: Custom File Source -> Map -> Filter (1/1) (c2065113846263983ec6e0ba425cb07c_8b9f3e513101bcc5d198aee685286d98_0_0) switched from INITIALIZING to RUNNING.
14:47:26.799 [flink-pekko.actor.default-dispatcher-8] INFO org.apache.flink.runtime.executiongraph.ExecutionGraph -- Split Reader: Custom File Source -> Map -> Filter (1/1) (c2065113846263983ec6e0ba425cb07c_51397532e2d9c7a21097a30d590b3114_0_0) switched from INITIALIZING to RUNNING.
14:47:26.812 [TumblingProcessingTimeWindows -> Map -> Filter -> (cash-result-file-sink: Writer -> cash-result-file-sink: Committer, cash-logging) (1/1)#0] INFO org.apache.flink.runtime.state.heap.HeapKeyedStateBackendBuilder -- Finished to build heap keyed state-backend.
14:47:26.813 [TumblingProcessingTimeWindows -> Map -> Filter -> (concentration-result-file-sink: Writer -> concentration-result-file-sink: Committer, concentration-logging) (1/1)#0] INFO org.apache.flink.runtime.state.heap.HeapKeyedStateBackendBuilder -- Finished to build heap keyed state-backend.
14:47:26.826 [TumblingProcessingTimeWindows -> Map -> Filter -> (concentration-result-file-sink: Writer -> concentration-result-file-sink: Committer, concentration-logging) (1/1)#0] INFO org.apache.flink.runtime.state.heap.HeapKeyedStateBackend -- Initializing heap keyed state backend with stream factory.
14:47:26.826 [TumblingProcessingTimeWindows -> Map -> Filter -> (cash-result-file-sink: Writer -> cash-result-file-sink: Committer, cash-logging) (1/1)#0] INFO org.apache.flink.runtime.state.heap.HeapKeyedStateBackend -- Initializing heap keyed state backend with stream factory.
14:47:26.840 [TumblingProcessingTimeWindows -> Map -> Filter -> (concentration-result-file-sink: Writer -> concentration-result-file-sink: Committer, concentration-logging) (1/1)#0] INFO org.apache.flink.runtime.taskmanager.Task -- TumblingProcessingTimeWindows -> Map -> Filter -> (concentration-result-file-sink: Writer -> concentration-result-file-sink: Committer, concentration-logging) (1/1)#0 (c2065113846263983ec6e0ba425cb07c_740faecab4c96094932bb8d6017aa69e_0_0) switched from INITIALIZING to RUNNING.
14:47:26.840 [TumblingProcessingTimeWindows -> Map -> Filter -> (cash-result-file-sink: Writer -> cash-result-file-sink: Committer, cash-logging) (1/1)#0] INFO org.apache.flink.runtime.taskmanager.Task -- TumblingProcessingTimeWindows -> Map -> Filter -> (cash-result-file-sink: Writer -> cash-result-file-sink: Committer, cash-logging) (1/1)#0 (c2065113846263983ec6e0ba425cb07c_a71b01a454f66016e32376d3e077f153_0_0) switched from INITIALIZING to RUNNING.
14:47:26.842 [flink-pekko.actor.default-dispatcher-5] INFO org.apache.flink.runtime.executiongraph.ExecutionGraph -- TumblingProcessingTimeWindows -> Map -> Filter -> (concentration-result-file-sink: Writer -> concentration-result-file-sink: Committer, concentration-logging) (1/1) (c2065113846263983ec6e0ba425cb07c_740faecab4c96094932bb8d6017aa69e_0_0) switched from INITIALIZING to RUNNING.
14:47:26.842 [flink-pekko.actor.default-dispatcher-5] INFO org.apache.flink.runtime.executiongraph.ExecutionGraph -- TumblingProcessingTimeWindows -> Map -> Filter -> (cash-result-file-sink: Writer -> cash-result-file-sink: Committer, cash-logging) (1/1) (c2065113846263983ec6e0ba425cb07c_a71b01a454f66016e32376d3e077f153_0_0) switched from INITIALIZING to RUNNING.
14:47:26.852 [Split Reader: Custom File Source -> Map -> Filter (1/1)#0] INFO org.apache.flink.api.java.typeutils.runtime.kryo.KryoSerializer -- Kryo serializer scala extensions are not available.
14:47:26.852 [Split Reader: Custom File Source -> Map -> Filter (1/1)#0] INFO org.apache.flink.api.java.typeutils.runtime.kryo.KryoSerializer -- Kryo serializer scala extensions are not available.
14:47:26.874 [Split Reader: Custom File Source -> Map -> Filter (1/1)#0] INFO org.apache.flink.api.java.typeutils.runtime.kryo.KryoSerializer -- Kryo serializer scala extensions are not available.
14:47:26.874 [Split Reader: Custom File Source -> Map -> Filter (1/1)#0] INFO org.apache.flink.api.java.typeutils.runtime.kryo.KryoSerializer -- Kryo serializer scala extensions are not available.
14:47:26.885 [Split Reader: Custom File Source -> Map -> Filter (1/1)#0] INFO org.apache.flink.api.java.typeutils.runtime.kryo.KryoSerializer -- Kryo serializer scala extensions are not available.
14:47:26.887 [Split Reader: Custom File Source -> Map -> Filter (1/1)#0] INFO org.apache.flink.api.java.typeutils.runtime.kryo.KryoSerializer -- Kryo serializer scala extensions are not available.
14:47:26.895 [Split Reader: Custom File Source -> Map -> Filter (1/1)#0] WARN org.apache.flink.streaming.api.functions.source.ContinuousFileReaderOperator -- not processing any records while closed
14:47:26.902 [Split Reader: Custom File Source -> Map -> Filter (1/1)#0] WARN org.apache.flink.streaming.api.functions.source.ContinuousFileReaderOperator -- not processing any records while closed
14:47:26.904 [TumblingProcessingTimeWindows -> Map -> Filter -> (cash-result-file-sink: Writer -> cash-result-file-sink: Committer, cash-logging) (1/1)#0] INFO org.apache.flink.api.java.typeutils.runtime.kryo.KryoSerializer -- Kryo serializer scala extensions are not available.
14:47:26.905 [TumblingProcessingTimeWindows -> Map -> Filter -> (concentration-result-file-sink: Writer -> concentration-result-file-sink: Committer, concentration-logging) (1/1)#0] INFO org.apache.flink.api.java.typeutils.runtime.kryo.KryoSerializer -- Kryo serializer scala extensions are not available.
14:47:26.918 [flink-pekko.actor.default-dispatcher-5] INFO org.apache.flink.runtime.jobmaster.JobMaster -- Triggering a manual checkpoint for job 12e83ef6c26c91212f6ad3f87290903d.
14:47:26.930 [Checkpoint Timer] INFO org.apache.flink.runtime.checkpoint.CheckpointCoordinator -- Triggering checkpoint 1 (type=CheckpointType{name='Checkpoint', sharingFilesStrategy=FORWARD_BACKWARD}) @ 1756891046920 for job 12e83ef6c26c91212f6ad3f87290903d.
14:47:27.013 [AsyncOperations-thread-1] INFO org.apache.flink.api.java.typeutils.runtime.kryo.KryoSerializer -- Kryo serializer scala extensions are not available.
14:47:27.063 [jobmanager-io-thread-1] INFO org.apache.flink.runtime.checkpoint.CheckpointCoordinator -- Completed checkpoint 1 for job 12e83ef6c26c91212f6ad3f87290903d (14365 bytes, checkpointDuration=138 ms, finalizationTime=5 ms).
14:47:27.084 [Source: Custom File Source (1/1)#0] INFO org.apache.flink.runtime.taskmanager.Task -- Source: Custom File Source (1/1)#0 (c2065113846263983ec6e0ba425cb07c_bc764cd8ddf7a0cff126f51c16239658_0_0) switched from RUNNING to FINISHED.
14:47:27.084 [Source: Custom File Source (1/1)#0] INFO org.apache.flink.runtime.taskmanager.Task -- Freeing task resources for Source: Custom File Source (1/1)#0 (c2065113846263983ec6e0ba425cb07c_bc764cd8ddf7a0cff126f51c16239658_0_0).
14:47:27.086 [Source: Custom File Source (1/1)#0] INFO org.apache.flink.runtime.taskmanager.Task -- Source: Custom File Source (1/1)#0 (c2065113846263983ec6e0ba425cb07c_feca28aff5a3958840bee985ee7de4d3_0_0) switched from RUNNING to FINISHED.
14:47:27.086 [Source: Custom File Source (1/1)#0] INFO org.apache.flink.runtime.taskmanager.Task -- Freeing task resources for Source: Custom File Source (1/1)#0 (c2065113846263983ec6e0ba425cb07c_feca28aff5a3958840bee985ee7de4d3_0_0).
14:47:27.087 [flink-pekko.actor.default-dispatcher-5] INFO org.apache.flink.runtime.taskexecutor.TaskExecutor -- Un-registering task and sending final execution state FINISHED to JobManager for task Source: Custom File Source (1/1)#0 c2065113846263983ec6e0ba425cb07c_bc764cd8ddf7a0cff126f51c16239658_0_0.
14:47:27.087 [Split Reader: Custom File Source -> Map -> Filter (1/1)#0] INFO org.apache.flink.runtime.taskmanager.Task -- Split Reader: Custom File Source -> Map -> Filter (1/1)#0 (c2065113846263983ec6e0ba425cb07c_8b9f3e513101bcc5d198aee685286d98_0_0) switched from RUNNING to FINISHED.
14:47:27.088 [Split Reader: Custom File Source -> Map -> Filter (1/1)#0] INFO org.apache.flink.runtime.taskmanager.Task -- Freeing task resources for Split Reader: Custom File Source -> Map -> Filter (1/1)#0 (c2065113846263983ec6e0ba425cb07c_8b9f3e513101bcc5d198aee685286d98_0_0).
14:47:27.089 [Split Reader: Custom File Source -> Map -> Filter (1/1)#0] INFO org.apache.flink.runtime.taskmanager.Task -- Split Reader: Custom File Source -> Map -> Filter (1/1)#0 (c2065113846263983ec6e0ba425cb07c_51397532e2d9c7a21097a30d590b3114_0_0) switched from RUNNING to FINISHED.
14:47:27.089 [Split Reader: Custom File Source -> Map -> Filter (1/1)#0] INFO org.apache.flink.runtime.taskmanager.Task -- Freeing task resources for Split Reader: Custom File Source -> Map -> Filter (1/1)#0 (c2065113846263983ec6e0ba425cb07c_51397532e2d9c7a21097a30d590b3114_0_0).
14:47:27.091 [TumblingProcessingTimeWindows -> Map -> Filter -> (cash-result-file-sink: Writer -> cash-result-file-sink: Committer, cash-logging) (1/1)#0] INFO org.apache.flink.runtime.taskmanager.Task -- TumblingProcessingTimeWindows -> Map -> Filter -> (cash-result-file-sink: Writer -> cash-result-file-sink: Committer, cash-logging) (1/1)#0 (c2065113846263983ec6e0ba425cb07c_a71b01a454f66016e32376d3e077f153_0_0) switched from RUNNING to FINISHED.
14:47:27.091 [TumblingProcessingTimeWindows -> Map -> Filter -> (concentration-result-file-sink: Writer -> concentration-result-file-sink: Committer, concentration-logging) (1/1)#0] INFO org.apache.flink.runtime.taskmanager.Task -- TumblingProcessingTimeWindows -> Map -> Filter -> (concentration-result-file-sink: Writer -> concentration-result-file-sink: Committer, concentration-logging) (1/1)#0 (c2065113846263983ec6e0ba425cb07c_740faecab4c96094932bb8d6017aa69e_0_0) switched from RUNNING to FINISHED.
14:47:27.091 [TumblingProcessingTimeWindows -> Map -> Filter -> (cash-result-file-sink: Writer -> cash-result-file-sink: Committer, cash-logging) (1/1)#0] INFO org.apache.flink.runtime.taskmanager.Task -- Freeing task resources for TumblingProcessingTimeWindows -> Map -> Filter -> (cash-result-file-sink: Writer -> cash-result-file-sink: Committer, cash-logging) (1/1)#0 (c2065113846263983ec6e0ba425cb07c_a71b01a454f66016e32376d3e077f153_0_0).
14:47:27.091 [TumblingProcessingTimeWindows -> Map -> Filter -> (concentration-result-file-sink: Writer -> concentration-result-file-sink: Committer, concentration-logging) (1/1)#0] INFO org.apache.flink.runtime.taskmanager.Task -- Freeing task resources for TumblingProcessingTimeWindows -> Map -> Filter -> (concentration-result-file-sink: Writer -> concentration-result-file-sink: Committer, concentration-logging) (1/1)#0 (c2065113846263983ec6e0ba425cb07c_740faecab4c96094932bb8d6017aa69e_0_0).
14:47:27.104 [flink-pekko.actor.default-dispatcher-5] INFO org.apache.flink.runtime.taskexecutor.TaskExecutor -- Un-registering task and sending final execution state FINISHED to JobManager for task Source: Custom File Source (1/1)#0 c2065113846263983ec6e0ba425cb07c_feca28aff5a3958840bee985ee7de4d3_0_0.
14:47:27.104 [flink-pekko.actor.default-dispatcher-9] INFO org.apache.flink.runtime.executiongraph.ExecutionGraph -- Source: Custom File Source (1/1) (c2065113846263983ec6e0ba425cb07c_bc764cd8ddf7a0cff126f51c16239658_0_0) switched from RUNNING to FINISHED.
14:47:27.104 [flink-pekko.actor.default-dispatcher-5] INFO org.apache.flink.runtime.taskexecutor.TaskExecutor -- Un-registering task and sending final execution state FINISHED to JobManager for task Split Reader: Custom File Source -> Map -> Filter (1/1)#0 c2065113846263983ec6e0ba425cb07c_8b9f3e513101bcc5d198aee685286d98_0_0.
14:47:27.104 [flink-pekko.actor.default-dispatcher-5] INFO org.apache.flink.runtime.taskexecutor.TaskExecutor -- Un-registering task and sending final execution state FINISHED to JobManager for task Split Reader: Custom File Source -> Map -> Filter (1/1)#0 c2065113846263983ec6e0ba425cb07c_51397532e2d9c7a21097a30d590b3114_0_0.
14:47:27.106 [flink-pekko.actor.default-dispatcher-5] INFO org.apache.flink.runtime.taskexecutor.TaskExecutor -- Un-registering task and sending final execution state FINISHED to JobManager for task TumblingProcessingTimeWindows -> Map -> Filter -> (concentration-result-file-sink: Writer -> concentration-result-file-sink: Committer, concentration-logging) (1/1)#0 c2065113846263983ec6e0ba425cb07c_740faecab4c96094932bb8d6017aa69e_0_0.
14:47:27.106 [flink-pekko.actor.default-dispatcher-5] INFO org.apache.flink.runtime.taskexecutor.TaskExecutor -- Un-registering task and sending final execution state FINISHED to JobManager for task TumblingProcessingTimeWindows -> Map -> Filter -> (cash-result-file-sink: Writer -> cash-result-file-sink: Committer, cash-logging) (1/1)#0 c2065113846263983ec6e0ba425cb07c_a71b01a454f66016e32376d3e077f153_0_0.
14:47:27.109 [flink-pekko.actor.default-dispatcher-9] INFO org.apache.flink.runtime.executiongraph.ExecutionGraph -- Source: Custom File Source (1/1) (c2065113846263983ec6e0ba425cb07c_feca28aff5a3958840bee985ee7de4d3_0_0) switched from RUNNING to FINISHED.
14:47:27.109 [flink-pekko.actor.default-dispatcher-9] INFO org.apache.flink.runtime.executiongraph.ExecutionGraph -- Split Reader: Custom File Source -> Map -> Filter (1/1) (c2065113846263983ec6e0ba425cb07c_8b9f3e513101bcc5d198aee685286d98_0_0) switched from RUNNING to FINISHED.
14:47:27.109 [flink-pekko.actor.default-dispatcher-9] INFO org.apache.flink.runtime.executiongraph.ExecutionGraph -- Split Reader: Custom File Source -> Map -> Filter (1/1) (c2065113846263983ec6e0ba425cb07c_51397532e2d9c7a21097a30d590b3114_0_0) switched from RUNNING to FINISHED.
14:47:27.112 [flink-pekko.actor.default-dispatcher-9] INFO org.apache.flink.runtime.executiongraph.ExecutionGraph -- TumblingProcessingTimeWindows -> Map -> Filter -> (concentration-result-file-sink: Writer -> concentration-result-file-sink: Committer, concentration-logging) (1/1) (c2065113846263983ec6e0ba425cb07c_740faecab4c96094932bb8d6017aa69e_0_0) switched from RUNNING to FINISHED.
14:47:27.112 [flink-pekko.actor.default-dispatcher-9] INFO org.apache.flink.runtime.executiongraph.ExecutionGraph -- TumblingProcessingTimeWindows -> Map -> Filter -> (cash-result-file-sink: Writer -> cash-result-file-sink: Committer, cash-logging) (1/1) (c2065113846263983ec6e0ba425cb07c_a71b01a454f66016e32376d3e077f153_0_0) switched from RUNNING to FINISHED.
14:47:27.116 [flink-pekko.actor.default-dispatcher-5] INFO org.apache.flink.runtime.resourcemanager.slotmanager.FineGrainedSlotManager -- Clearing resource requirements of job 12e83ef6c26c91212f6ad3f87290903d
14:47:27.118 [flink-pekko.actor.default-dispatcher-9] INFO org.apache.flink.runtime.executiongraph.ExecutionGraph -- Job Flink Data Processing Job - Integration Test Application (12e83ef6c26c91212f6ad3f87290903d) switched from state RUNNING to FINISHED.
14:47:27.118 [flink-pekko.actor.default-dispatcher-9] INFO org.apache.flink.runtime.checkpoint.CheckpointCoordinator -- Stopping checkpoint coordinator for job 12e83ef6c26c91212f6ad3f87290903d.
14:47:27.131 [flink-pekko.actor.default-dispatcher-7] INFO org.apache.flink.runtime.dispatcher.StandaloneDispatcher -- Job 12e83ef6c26c91212f6ad3f87290903d reached terminal state FINISHED.
Job execution completed successfully
14:47:27.134 [mini-cluster-io-thread-1] INFO org.apache.flink.runtime.dispatcher.StandaloneDispatcher -- Job 12e83ef6c26c91212f6ad3f87290903d has been registered for cleanup in the JobResultStore after reaching a terminal state.
14:47:27.134 [flink-pekko.actor.default-dispatcher-9] INFO org.apache.flink.runtime.jobmaster.JobMaster -- Stopping the JobMaster for job 'Flink Data Processing Job - Integration Test Application' (12e83ef6c26c91212f6ad3f87290903d).
14:47:27.138 [flink-pekko.actor.default-dispatcher-9] INFO org.apache.flink.runtime.checkpoint.StandaloneCompletedCheckpointStore -- Shutting down
14:47:27.145 [flink-pekko.actor.default-dispatcher-9] INFO org.apache.flink.runtime.jobmaster.JobMaster -- Disconnect TaskExecutor 330749d8-f04c-4798-91d2-8e1185dd2d0b because: Stopping JobMaster for job 'Flink Data Processing Job - Integration Test Application' (12e83ef6c26c91212f6ad3f87290903d).
14:47:27.146 [flink-pekko.actor.default-dispatcher-9] INFO org.apache.flink.runtime.jobmaster.slotpool.DefaultDeclarativeSlotPool -- Releasing slot [bc423ddc3bf00710dbb6fa12665e242d].
14:47:27.146 [flink-pekko.actor.default-dispatcher-9] INFO org.apache.flink.runtime.jobmaster.JobMaster -- Close ResourceManager connection 928750db859d11435312d46cbadf8124: Stopping JobMaster for job 'Flink Data Processing Job - Integration Test Application' (12e83ef6c26c91212f6ad3f87290903d).
14:47:27.148 [flink-pekko.actor.default-dispatcher-7] INFO org.apache.flink.runtime.taskexecutor.slot.TaskSlotTableImpl -- Free slot TaskSlot(index:1, state:ACTIVE, resource profile: ResourceProfile{taskHeapMemory=1024.000gb (1099511627776 bytes), taskOffHeapMemory=1024.000gb (1099511627776 bytes), managedMemory=80.000mb (83886080 bytes), networkMemory=64.000mb (67108864 bytes)}, allocationId: bc423ddc3bf00710dbb6fa12665e242d, jobId: 12e83ef6c26c91212f6ad3f87290903d).
14:47:27.148 [flink-pekko.actor.default-dispatcher-5] INFO org.apache.flink.runtime.resourcemanager.StandaloneResourceManager -- Disconnect job manager 964dfb311d49267cb2c4002f8e014853@pekko://flink/user/rpc/jobmanager_3 for job 12e83ef6c26c91212f6ad3f87290903d from the resource manager.
14:47:27.148 [flink-pekko.actor.default-dispatcher-7] INFO org.apache.flink.runtime.taskexecutor.DefaultJobLeaderService -- Remove job 12e83ef6c26c91212f6ad3f87290903d from job leader monitoring.
14:47:27.148 [flink-pekko.actor.default-dispatcher-7] INFO org.apache.flink.runtime.taskexecutor.TaskExecutor -- Close JobManager connection for job 12e83ef6c26c91212f6ad3f87290903d.
14:47:27.148 [flink-pekko.actor.default-dispatcher-5] INFO org.apache.flink.runtime.resourcemanager.slotmanager.DefaultSlotStatusSyncer -- Freeing slot bc423ddc3bf00710dbb6fa12665e242d.
Checking output directories:
- Concentration dir exists: true
- Cash dir exists: true
Directory contents:
- Concentration files found: 0
- Cash files found: 0
Concentration directory contents (including subdirs):
  C:\Users\chand\AppData\Local\Temp\junit15224482431592944084\output\concentration
Cash directory contents (including subdirs):
  C:\Users\chand\AppData\Local\Temp\junit15224482431592944084\output\cash
Output verification: Files may not be generated due to windowing behavior in test environment
Data quality verification completed
]]></system-out>
  </testcase>
</testsuite>